#
# There is insufficient memory for the Java Runtime Environment to continue.
# Native memory allocation (malloc) failed to allocate 66060288 bytes for committing reserved memory.
# Possible reasons:
#   The system is out of physical RAM or swap space
#   In 32 bit mode, the process size limit was hit
# Possible solutions:
#   Reduce memory load on the system
#   Increase physical memory or swap space
#   Check if swap backing store is full
#   Use 64 bit Java on a 64 bit OS
#   Decrease Java heap size (-Xmx/-Xms)
#   Decrease number of Java threads
#   Decrease Java thread stack sizes (-Xss)
#   Set larger code cache with -XX:ReservedCodeCacheSize=
# This output file may be truncated or incomplete.
#
#  Out of Memory Error (os_linux.cpp:2809), pid=13877, tid=1741482816
#
# JRE version: OpenJDK Runtime Environment (7.0_79-b14) (build 1.7.0_79-b14)
# Java VM: OpenJDK Server VM (24.79-b02 mixed mode linux-x86 )
# Derivative: IcedTea 2.5.5
# Distribution: Ubuntu 14.04 LTS, package 7u79-2.5.5-0ubuntu0.14.04.2
# Failed to write core dump. Core dumps have been disabled. To enable core dumping, try "ulimit -c unlimited" before starting Java again
#

---------------  T H R E A D  ---------------

Current thread (0x67b80400):  VMThread [stack: 0x67c4e000,0x67ccf000] [id=13886]

Stack: [0x67c4e000,0x67ccf000]
VM_Operation (0x672fea38): ParallelGCFailedAllocation, mode: safepoint, requested by thread 0x67329400


---------------  P R O C E S S  ---------------

Java Threads: ( => current thread )
  0x6732b400 JavaThread "pool-1-thread-4" [_thread_blocked, id=13900, stack(0x6720d000,0x6725e000)]
  0x67329c00 JavaThread "pool-1-thread-3" [_thread_blocked, id=13899, stack(0x6725e000,0x672af000)]
  0x67329400 JavaThread "pool-1-thread-2" [_thread_blocked, id=13898, stack(0x672af000,0x67300000)]
  0x67326c00 JavaThread "pool-2-thread-1" [_thread_blocked, id=13897, stack(0x67439000,0x6748a000)]
  0x67b9b800 JavaThread "Service Thread" daemon [_thread_blocked, id=13892, stack(0x6755c000,0x675ad000)]
  0x67b99c00 JavaThread "C2 CompilerThread1" daemon [_thread_blocked, id=13891, stack(0x675ad000,0x6762e000)]
  0x67b97c00 JavaThread "C2 CompilerThread0" daemon [_thread_blocked, id=13890, stack(0x6762e000,0x676af000)]
  0x67b96000 JavaThread "Signal Dispatcher" daemon [_thread_blocked, id=13889, stack(0x676af000,0x67700000)]
  0x67b84800 JavaThread "Finalizer" daemon [_thread_blocked, id=13888, stack(0x6a82e000,0x6a87f000)]
  0x67b83000 JavaThread "Reference Handler" daemon [_thread_blocked, id=13887, stack(0x6aa2e000,0x6aa7f000)]
  0xb6407c00 JavaThread "main" [_thread_blocked, id=13879, stack(0xb6524000,0xb6575000)]

Other Threads:
=>0x67b80400 VMThread [stack: 0x67c4e000,0x67ccf000] [id=13886]
  0x67b9d400 WatcherThread [stack: 0x674db000,0x6755c000] [id=13893]

VM state:at safepoint (normal execution)

VM Mutex/Monitor currently owned by a thread:  ([mutex/lock_event])
[0xb6404d48] ExpandHeap_lock - owner thread: 0x67b80400
[0xb6405290] Threads_lock - owner thread: 0x67b80400
[0xb64056a0] Heap_lock - owner thread: 0x67329400

Heap
 PSYoungGen      total 231936K, used 0K [0x9dd40000, 0xb32c0000, 0xb32c0000)
  eden space 116736K, 0% used [0x9dd40000,0x9dd40000,0xa4f40000)
  from space 115200K, 0% used [0xac240000,0xac240000,0xb32c0000)
  to   space 116480K, 0% used [0xa4f40000,0xa4f40000,0xac100000)
 ParOldGen       total 281088K, used 196848K [0x732c0000, 0x84540000, 0x9dd40000)
  object space 281088K, 70% used [0x732c0000,0x7f2fc2b0,0x84540000)
 PSPermGen       total 16384K, used 3900K [0x6b2c0000, 0x6c2c0000, 0x732c0000)
  object space 16384K, 23% used [0x6b2c0000,0x6b68f3c0,0x6c2c0000)

Card table byte_map: [0x6b07f000,0x6b2c0000] byte_map_base: 0x6ad25a00

Polling page: 0xb7722000

Code Cache  [0xb339c000, 0xb36a4000, 0xb639c000)
 total_blobs=976 nmethods=857 adapters=72 free_code_cache=46121Kb largest_free_block=47178624

Compilation events (10 events):
Event: 24.220 Thread 0x67b99c00 nmethod 817 0xb3690fc8 code [0xb3691880, 0xb36960d4]
Event: 24.221 Thread 0x67b99c00  862             com.android.dx.ssa.SsaMethod::onInsnsChanged (16 bytes)
Event: 24.221 Thread 0x67b99c00 nmethod 862 0xb367a408 code [0xb367a4e0, 0xb367a530]
Event: 24.221 Thread 0x67b99c00  863             com.android.dx.dex.file.Section::validateAlignment (23 bytes)
Event: 24.221 Thread 0x67b99c00 nmethod 863 0xb367a248 code [0xb367a340, 0xb367a390]
Event: 24.221 Thread 0x67b99c00  864             com.android.dx.ssa.DomFront::run (264 bytes)
Event: 24.378 Thread 0x67b99c00 nmethod 864 0xb368edc8 code [0xb368f000, 0xb368ff2c]
Event: 24.378 Thread 0x67b99c00  865             com.android.dx.ssa.DomFront::<init> (60 bytes)
Event: 24.399 Thread 0x67b99c00 nmethod 865 0xb3679bc8 code [0xb3679ce0, 0xb367a050]
Event: 24.399 Thread 0x67b99c00  866             com.android.dx.ssa.SsaConverter::placePhiFunctions (394 bytes)

GC Heap History (10 events):
Event: 19.566 GC heap after
Heap after GC invocations=17 (full 3):
 PSYoungGen      total 209152K, used 60285K [0x9dd40000, 0xb32c0000, 0xb32c0000)
  eden space 116736K, 0% used [0x9dd40000,0x9dd40000,0xa4f40000)
  from space 92416K, 65% used [0xad880000,0xb135f730,0xb32c0000)
  to   space 116480K, 0% used [0xa4f40000,0xa4f40000,0xac100000)
 ParOldGen       total 274432K, used 160037K [0x732c0000, 0x83ec0000, 0x9dd40000)
  object space 274432K, 58% used [0x732c0000,0x7cf09658,0x83ec0000)
 PSPermGen       total 16384K, used 3890K [0x6b2c0000, 0x6c2c0000, 0x732c0000)
  object space 16384K, 23% used [0x6b2c0000,0x6b68caa0,0x6c2c0000)
}
Event: 20.833 GC heap before
{Heap before GC invocations=18 (full 3):
 PSYoungGen      total 209152K, used 177021K [0x9dd40000, 0xb32c0000, 0xb32c0000)
  eden space 116736K, 100% used [0x9dd40000,0xa4f40000,0xa4f40000)
  from space 92416K, 65% used [0xad880000,0xb135f730,0xb32c0000)
  to   space 116480K, 0% used [0xa4f40000,0xa4f40000,0xac100000)
 ParOldGen       total 274432K, used 160037K [0x732c0000, 0x83ec0000, 0x9dd40000)
  object space 274432K, 58% used [0x732c0000,0x7cf09658,0x83ec0000)
 PSPermGen       total 16384K, used 3890K [0x6b2c0000, 0x6c2c0000, 0x732c0000)
  object space 16384K, 23% used [0x6b2c0000,0x6b68caa0,0x6c2c0000)
Event: 20.981 GC heap after
Heap after GC invocations=18 (full 3):
 PSYoungGen      total 233216K, used 44848K [0x9dd40000, 0xb32c0000, 0xb32c0000)
  eden space 116736K, 0% used [0x9dd40000,0x9dd40000,0xa4f40000)
  from space 116480K, 38% used [0xa4f40000,0xa7b0c358,0xac100000)
  to   space 112640K, 0% used [0xac4c0000,0xac4c0000,0xb32c0000)
 ParOldGen       total 274432K, used 182590K [0x732c0000, 0x83ec0000, 0x9dd40000)
  object space 274432K, 66% used [0x732c0000,0x7e50f818,0x83ec0000)
 PSPermGen       total 16384K, used 3890K [0x6b2c0000, 0x6c2c0000, 0x732c0000)
  object space 16384K, 23% used [0x6b2c0000,0x6b68caa0,0x6c2c0000)
}
Event: 22.917 GC heap before
{Heap before GC invocations=19 (full 3):
 PSYoungGen      total 233216K, used 161584K [0x9dd40000, 0xb32c0000, 0xb32c0000)
  eden space 116736K, 100% used [0x9dd40000,0xa4f40000,0xa4f40000)
  from space 116480K, 38% used [0xa4f40000,0xa7b0c358,0xac100000)
  to   space 112640K, 0% used [0xac4c0000,0xac4c0000,0xb32c0000)
 ParOldGen       total 274432K, used 182590K [0x732c0000, 0x83ec0000, 0x9dd40000)
  object space 274432K, 66% used [0x732c0000,0x7e50f818,0x83ec0000)
 PSPermGen       total 16384K, used 3901K [0x6b2c0000, 0x6c2c0000, 0x732c0000)
  object space 16384K, 23% used [0x6b2c0000,0x6b68f490,0x6c2c0000)
Event: 23.049 GC heap after
Heap after GC invocations=19 (full 3):
 PSYoungGen      total 231936K, used 69179K [0x9dd40000, 0xb32c0000, 0xb32c0000)
  eden space 119296K, 0% used [0x9dd40000,0x9dd40000,0xa51c0000)
  from space 112640K, 61% used [0xac4c0000,0xb084ed00,0xb32c0000)
  to   space 115200K, 0% used [0xa51c0000,0xa51c0000,0xac240000)
 ParOldGen       total 274432K, used 182590K [0x732c0000, 0x83ec0000, 0x9dd40000)
  object space 274432K, 66% used [0x732c0000,0x7e50f818,0x83ec0000)
 PSPermGen       total 16384K, used 3901K [0x6b2c0000, 0x6c2c0000, 0x732c0000)
  object space 16384K, 23% used [0x6b2c0000,0x6b68f490,0x6c2c0000)
}
Event: 24.005 GC heap before
{Heap before GC invocations=20 (full 3):
 PSYoungGen      total 231936K, used 188475K [0x9dd40000, 0xb32c0000, 0xb32c0000)
  eden space 119296K, 100% used [0x9dd40000,0xa51c0000,0xa51c0000)
  from space 112640K, 61% used [0xac4c0000,0xb084ed00,0xb32c0000)
  to   space 115200K, 0% used [0xa51c0000,0xa51c0000,0xac240000)
 ParOldGen       total 274432K, used 182590K [0x732c0000, 0x83ec0000, 0x9dd40000)
  object space 274432K, 66% used [0x732c0000,0x7e50f818,0x83ec0000)
 PSPermGen       total 16384K, used 3901K [0x6b2c0000, 0x6c2c0000, 0x732c0000)
  object space 16384K, 23% used [0x6b2c0000,0x6b68f490,0x6c2c0000)
Event: 24.193 GC heap after
Heap after GC invocations=20 (full 3):
 PSYoungGen      total 234496K, used 115185K [0x9dd40000, 0xb32c0000, 0xb32c0000)
  eden space 119296K, 0% used [0x9dd40000,0x9dd40000,0xa51c0000)
  from space 115200K, 99% used [0xa51c0000,0xac23c4b8,0xac240000)
  to   space 115200K, 0% used [0xac240000,0xac240000,0xb32c0000)
 ParOldGen       total 274432K, used 208407K [0x732c0000, 0x83ec0000, 0x9dd40000)
  object space 274432K, 75% used [0x732c0000,0x7fe45e68,0x83ec0000)
 PSPermGen       total 16384K, used 3901K [0x6b2c0000, 0x6c2c0000, 0x732c0000)
  object space 16384K, 23% used [0x6b2c0000,0x6b68f490,0x6c2c0000)
}
Event: 24.541 GC heap before
{Heap before GC invocations=21 (full 3):
 PSYoungGen      total 234496K, used 234481K [0x9dd40000, 0xb32c0000, 0xb32c0000)
  eden space 119296K, 100% used [0x9dd40000,0xa51c0000,0xa51c0000)
  from space 115200K, 99% used [0xa51c0000,0xac23c4b8,0xac240000)
  to   space 115200K, 0% used [0xac240000,0xac240000,0xb32c0000)
 ParOldGen       total 274432K, used 208407K [0x732c0000, 0x83ec0000, 0x9dd40000)
  object space 274432K, 75% used [0x732c0000,0x7fe45e68,0x83ec0000)
 PSPermGen       total 16384K, used 3901K [0x6b2c0000, 0x6c2c0000, 0x732c0000)
  object space 16384K, 23% used [0x6b2c0000,0x6b68f490,0x6c2c0000)
Event: 24.825 GC heap after
Heap after GC invocations=21 (full 3):
 PSYoungGen      total 231936K, used 97227K [0x9dd40000, 0xb32c0000, 0xb32c0000)
  eden space 116736K, 0% used [0x9dd40000,0x9dd40000,0xa4f40000)
  from space 115200K, 84% used [0xac240000,0xb2132e50,0xb32c0000)
  to   space 116480K, 0% used [0xa4f40000,0xa4f40000,0xac100000)
 ParOldGen       total 281088K, used 281083K [0x732c0000, 0x84540000, 0x9dd40000)
  object space 281088K, 99% used [0x732c0000,0x8453ee60,0x84540000)
 PSPermGen       total 16384K, used 3901K [0x6b2c0000, 0x6c2c0000, 0x732c0000)
  object space 16384K, 23% used [0x6b2c0000,0x6b68f490,0x6c2c0000)
}
Event: 24.825 GC heap before
{Heap before GC invocations=22 (full 4):
 PSYoungGen      total 231936K, used 97227K [0x9dd40000, 0xb32c0000, 0xb32c0000)
  eden space 116736K, 0% used [0x9dd40000,0x9dd40000,0xa4f40000)
  from space 115200K, 84% used [0xac240000,0xb2132e50,0xb32c0000)
  to   space 116480K, 0% used [0xa4f40000,0xa4f40000,0xac100000)
 ParOldGen       total 281088K, used 281083K [0x732c0000, 0x84540000, 0x9dd40000)
  object space 281088K, 99% used [0x732c0000,0x8453ee60,0x84540000)
 PSPermGen       total 16384K, used 3901K [0x6b2c0000, 0x6c2c0000, 0x732c0000)
  object space 16384K, 23% used [0x6b2c0000,0x6b68f490,0x6c2c0000)

Deoptimization events (10 events):
Event: 10.526 Thread 0x6732b400 Uncommon trap: reason=unloaded action=reinterpret pc=0xb33f8884 method=com.android.dx.ssa.SetFactory.makeLivenessSet(I)Lcom/android/dx/util/IntSet; @ 18
Event: 10.546 Thread 0x6732b400 Uncommon trap: reason=class_check action=maybe_recompile pc=0xb34d6ee4 method=com.android.dx.ssa.back.InterferenceGraph.add(II)V @ 19
Event: 10.546 Thread 0x6732b400 Uncommon trap: reason=class_check action=maybe_recompile pc=0xb34d6ee4 method=com.android.dx.ssa.back.InterferenceGraph.add(II)V @ 19
Event: 10.546 Thread 0x6732b400 Uncommon trap: reason=class_check action=maybe_recompile pc=0xb34d6ee4 method=com.android.dx.ssa.back.InterferenceGraph.add(II)V @ 19
Event: 10.546 Thread 0x6732b400 Uncommon trap: reason=class_check action=maybe_recompile pc=0xb34d6ee4 method=com.android.dx.ssa.back.InterferenceGraph.add(II)V @ 19
Event: 11.370 Thread 0x6732b400 Uncommon trap: reason=class_check action=maybe_recompile pc=0xb34c34d4 method=com.android.dx.ssa.back.InterferenceGraph.mergeInterferenceSet(ILcom/android/dx/util/IntSet;)V @ 20
Event: 12.744 Thread 0x67329400 Uncommon trap: reason=class_check action=maybe_recompile pc=0xb34c34d4 method=com.android.dx.ssa.back.InterferenceGraph.mergeInterferenceSet(ILcom/android/dx/util/IntSet;)V @ 20
Event: 13.624 Thread 0x67329c00 Uncommon trap: reason=class_check action=maybe_recompile pc=0xb34c34d4 method=com.android.dx.ssa.back.InterferenceGraph.mergeInterferenceSet(ILcom/android/dx/util/IntSet;)V @ 20
Event: 13.953 Thread 0x67326400 Uncommon trap: reason=class_check action=maybe_recompile pc=0xb34c34d4 method=com.android.dx.ssa.back.InterferenceGraph.mergeInterferenceSet(ILcom/android/dx/util/IntSet;)V @ 20
Event: 14.325 Thread 0x67329c00 Uncommon trap: reason=null_check action=make_not_entrant pc=0xb3571dec method=com.android.dx.rop.cst.CstType.intern(Lcom/android/dx/rop/type/Type;)Lcom/android/dx/rop/cst/CstType; @ 13

Internal exceptions (10 events):
Event: 1.171 Thread 0x6732b400 Threw 0x9e8d7a80 at /build/buildd/openjdk-7-7u79-2.5.5/build/openjdk/hotspot/src/share/vm/prims/jvm.cpp:1284
Event: 1.591 Thread 0xb6407c00 Threw 0x9e8c5168 at /build/buildd/openjdk-7-7u79-2.5.5/build/openjdk/hotspot/src/share/vm/prims/jvm.cpp:1284
Event: 2.713 Thread 0xb6407c00 Implicit null exception at 0xb3424aa6 to 0xb3425095
Event: 2.939 Thread 0x6732b400 Threw 0x9e8c9348 at /build/buildd/openjdk-7-7u79-2.5.5/build/openjdk/hotspot/src/share/vm/prims/jvm.cpp:1284
Event: 3.535 Thread 0x67329400 Threw 0x9ddd3130 at /build/buildd/openjdk-7-7u79-2.5.5/build/openjdk/hotspot/src/share/vm/prims/jvm.cpp:1284
Event: 6.254 Thread 0xb6407c00 Implicit null exception at 0xb34bf2a4 to 0xb34c23ad
Event: 8.408 Thread 0x6732b400 Threw 0xa40b4fe0 at /build/buildd/openjdk-7-7u79-2.5.5/build/openjdk/hotspot/src/share/vm/prims/jvm.cpp:1284
Event: 9.917 Thread 0x6732b400 Threw 0x9fda0630 at /build/buildd/openjdk-7-7u79-2.5.5/build/openjdk/hotspot/src/share/vm/prims/jvm.cpp:1284
Event: 14.325 Thread 0x67329c00 Implicit null exception at 0xb356f012 to 0xb3571dd5
Event: 14.893 Thread 0xb6407c00 Threw 0xa80a8558 at /build/buildd/openjdk-7-7u79-2.5.5/build/openjdk/hotspot/src/share/vm/prims/jvm.cpp:1284

Events (10 events):
Event: 22.823 loading class 0x6ae42700
Event: 22.823 loading class 0x6ae42700 done
Event: 22.823 loading class 0x6ae42678
Event: 22.823 loading class 0x6ae42678 done
Event: 22.903 Executing VM operation: ParallelGCFailedAllocation
Event: 23.049 Executing VM operation: ParallelGCFailedAllocation done
Event: 23.065 Thread 0x67326400 Thread exited: 0x67326400
Event: 23.996 Executing VM operation: ParallelGCFailedAllocation
Event: 24.193 Executing VM operation: ParallelGCFailedAllocation done
Event: 24.499 Executing VM operation: ParallelGCFailedAllocation


Dynamic libraries:
08048000-08049000 r-xp 00000000 08:01 11018699   /usr/lib/jvm/java-7-openjdk-i386/jre/bin/java
08049000-0804a000 r--p 00000000 08:01 11018699   /usr/lib/jvm/java-7-openjdk-i386/jre/bin/java
0804a000-0804b000 rw-p 00001000 08:01 11018699   /usr/lib/jvm/java-7-openjdk-i386/jre/bin/java
09a24000-09b10000 rw-p 00000000 00:00 0          [heap]
65500000-655fa000 rw-p 00000000 00:00 0 
655fa000-65600000 ---p 00000000 00:00 0 
65600000-65645000 rw-p 00000000 00:00 0 
65645000-65700000 ---p 00000000 00:00 0 
65700000-657f6000 rw-p 00000000 00:00 0 
657f6000-65800000 ---p 00000000 00:00 0 
65800000-658f0000 rw-p 00000000 00:00 0 
658f0000-65900000 ---p 00000000 00:00 0 
65900000-659fb000 rw-p 00000000 00:00 0 
659fb000-65a00000 ---p 00000000 00:00 0 
65b00000-65bff000 rw-p 00000000 00:00 0 
65bff000-65c00000 ---p 00000000 00:00 0 
65d00000-65e00000 rw-p 00000000 00:00 0 
65f00000-65ffd000 rw-p 00000000 00:00 0 
65ffd000-66000000 ---p 00000000 00:00 0 
66000000-660f3000 rw-p 00000000 00:00 0 
660f3000-66100000 ---p 00000000 00:00 0 
66100000-661fe000 rw-p 00000000 00:00 0 
661fe000-66200000 ---p 00000000 00:00 0 
66200000-662e8000 rw-p 00000000 00:00 0 
662e8000-66300000 ---p 00000000 00:00 0 
66300000-663f4000 rw-p 00000000 00:00 0 
663f4000-66400000 ---p 00000000 00:00 0 
66500000-665fc000 rw-p 00000000 00:00 0 
665fc000-66600000 ---p 00000000 00:00 0 
66700000-667d2000 rw-p 00000000 00:00 0 
667d2000-66800000 ---p 00000000 00:00 0 
66900000-66a00000 rw-p 00000000 00:00 0 
66a00000-66afe000 rw-p 00000000 00:00 0 
66afe000-66b00000 ---p 00000000 00:00 0 
66b00000-66bfc000 rw-p 00000000 00:00 0 
66bfc000-66c00000 ---p 00000000 00:00 0 
66d00000-66df9000 rw-p 00000000 00:00 0 
66df9000-66e00000 ---p 00000000 00:00 0 
66f00000-66ffe000 rw-p 00000000 00:00 0 
66ffe000-67000000 ---p 00000000 00:00 0 
67000000-670f5000 rw-p 00000000 00:00 0 
670f5000-67100000 ---p 00000000 00:00 0 
67100000-671f9000 rw-p 00000000 00:00 0 
671f9000-67200000 ---p 00000000 00:00 0 
6720d000-67210000 ---p 00000000 00:00 0 
67210000-6725e000 rw-p 00000000 00:00 0          [stack:13900]
6725e000-67261000 ---p 00000000 00:00 0 
67261000-672af000 rw-p 00000000 00:00 0          [stack:13899]
672af000-672b2000 ---p 00000000 00:00 0 
672b2000-67300000 rw-p 00000000 00:00 0          [stack:13898]
67300000-67369000 rw-p 00000000 00:00 0 
67369000-67400000 ---p 00000000 00:00 0 
67439000-6743c000 ---p 00000000 00:00 0 
6743c000-6748a000 rw-p 00000000 00:00 0          [stack:13897]
6748a000-6748d000 ---p 00000000 00:00 0 
6748d000-674db000 rw-p 00000000 00:00 0 
674db000-674dc000 ---p 00000000 00:00 0 
674dc000-6755c000 rw-p 00000000 00:00 0          [stack:13893]
6755c000-6755f000 ---p 00000000 00:00 0 
6755f000-675ad000 rw-p 00000000 00:00 0          [stack:13892]
675ad000-675b0000 ---p 00000000 00:00 0 
675b0000-6762e000 rw-p 00000000 00:00 0          [stack:13891]
6762e000-67631000 ---p 00000000 00:00 0 
67631000-676af000 rw-p 00000000 00:00 0          [stack:13890]
676af000-676b2000 ---p 00000000 00:00 0 
676b2000-67700000 rw-p 00000000 00:00 0          [stack:13889]
67700000-67900000 r--p 00000000 08:01 11017721   /usr/lib/locale/locale-archive
67900000-67a00000 rw-p 00000000 00:00 0 
67a00000-67a21000 rw-p 00000000 00:00 0 
67a21000-67b00000 ---p 00000000 00:00 0 
67b00000-67c00000 rw-p 00000000 00:00 0 
67c0f000-67c4e000 r--p 00277000 08:01 11017721   /usr/lib/locale/locale-archive
67c4e000-67c4f000 ---p 00000000 00:00 0 
67c4f000-67ccf000 rw-p 00000000 00:00 0          [stack:13886]
67ccf000-67e80000 r--s 01d27000 08:01 11019249   /usr/lib/jvm/java-7-openjdk-i386/jre/lib/rt.jar
67e80000-6a700000 rw-p 00000000 00:00 0 
6a700000-6a7fb000 rw-p 00000000 00:00 0 
6a7fb000-6a800000 ---p 00000000 00:00 0 
6a82e000-6a831000 ---p 00000000 00:00 0 
6a831000-6a87f000 rw-p 00000000 00:00 0          [stack:13888]
6a87f000-6a880000 ---p 00000000 00:00 0 
6a880000-6a900000 rw-p 00000000 00:00 0          [stack:13885]
6a900000-6a921000 rw-p 00000000 00:00 0 
6a921000-6aa00000 ---p 00000000 00:00 0 
6aa2e000-6aa31000 ---p 00000000 00:00 0 
6aa31000-6aa7f000 rw-p 00000000 00:00 0          [stack:13887]
6aa7f000-6aa80000 ---p 00000000 00:00 0 
6aa80000-6ab00000 rw-p 00000000 00:00 0          [stack:13884]
6ab00000-6ab21000 rw-p 00000000 00:00 0 
6ab21000-6ac00000 ---p 00000000 00:00 0 
6ac27000-6ac36000 r--s 000df000 08:01 26749506   /home/gts/Android/Sdk/build-tools/23.0.1/lib/dx.jar
6ac36000-6ac7f000 rw-p 00000000 00:00 0 
6ac7f000-6ac80000 ---p 00000000 00:00 0 
6ac80000-6ad00000 rw-p 00000000 00:00 0          [stack:13883]
6ad00000-6ad34000 rw-p 00000000 00:00 0 
6ad34000-6ae00000 ---p 00000000 00:00 0 
6ae06000-6ae09000 r--s 00086000 08:01 11019255   /usr/lib/jvm/java-7-openjdk-i386/jre/lib/ext/localedata.jar
6ae09000-6ae0d000 r--s 0003c000 08:01 11019254   /usr/lib/jvm/java-7-openjdk-i386/jre/lib/ext/sunpkcs11.jar
6ae0d000-6ae68000 rw-p 00000000 00:00 0 
6ae68000-6ae69000 ---p 00000000 00:00 0 
6ae69000-6aef1000 rw-p 00000000 00:00 0          [stack:13881]
6aef1000-6af29000 rw-p 00000000 00:00 0 
6af29000-6afb3000 rw-p 00000000 00:00 0 
6afb3000-6b07f000 rw-p 00000000 00:00 0 
6b07f000-6b087000 rw-p 00000000 00:00 0 
6b087000-6b0bf000 rw-p 00000000 00:00 0 
6b0bf000-6b149000 rw-p 00000000 00:00 0 
6b149000-6b214000 rw-p 00000000 00:00 0 
6b214000-6b2bf000 rw-p 00000000 00:00 0 
6b2bf000-6c2c0000 rw-p 00000000 00:00 0 
6c2c0000-732c0000 rw-p 00000000 00:00 0 
732c0000-84540000 rw-p 00000000 00:00 0 
88440000-9dd40000 rw-p 00000000 00:00 0 
9dd40000-b32c0000 rw-p 00000000 00:00 0 
b32c1000-b32e9000 rw-p 00000000 00:00 0 
b32e9000-b339c000 rw-p 00000000 00:00 0 
b339c000-b36a4000 rwxp 00000000 00:00 0 
b36a4000-b639c000 rw-p 00000000 00:00 0 
b639c000-b63a7000 r-xp 00000000 08:01 14418024   /lib/i386-linux-gnu/libnss_files-2.19.so
b63a7000-b63a8000 r--p 0000a000 08:01 14418024   /lib/i386-linux-gnu/libnss_files-2.19.so
b63a8000-b63a9000 rw-p 0000b000 08:01 14418024   /lib/i386-linux-gnu/libnss_files-2.19.so
b63a9000-b63b3000 r-xp 00000000 08:01 14417950   /lib/i386-linux-gnu/libnss_nis-2.19.so
b63b3000-b63b4000 r--p 00009000 08:01 14417950   /lib/i386-linux-gnu/libnss_nis-2.19.so
b63b4000-b63b5000 rw-p 0000a000 08:01 14417950   /lib/i386-linux-gnu/libnss_nis-2.19.so
b63b5000-b63ca000 r-xp 00000000 08:01 14417951   /lib/i386-linux-gnu/libnsl-2.19.so
b63ca000-b63cb000 r--p 00015000 08:01 14417951   /lib/i386-linux-gnu/libnsl-2.19.so
b63cb000-b63cc000 rw-p 00016000 08:01 14417951   /lib/i386-linux-gnu/libnsl-2.19.so
b63cc000-b63ce000 rw-p 00000000 00:00 0 
b63ce000-b63d5000 r-xp 00000000 08:01 14418016   /lib/i386-linux-gnu/libnss_compat-2.19.so
b63d5000-b63d6000 r--p 00006000 08:01 14418016   /lib/i386-linux-gnu/libnss_compat-2.19.so
b63d6000-b63d7000 rw-p 00007000 08:01 14418016   /lib/i386-linux-gnu/libnss_compat-2.19.so
b63d7000-b63fe000 r-xp 00000000 08:01 11018801   /usr/lib/jvm/java-7-openjdk-i386/jre/lib/i386/libjava.so
b63fe000-b63ff000 r--p 00026000 08:01 11018801   /usr/lib/jvm/java-7-openjdk-i386/jre/lib/i386/libjava.so
b63ff000-b6400000 rw-p 00027000 08:01 11018801   /usr/lib/jvm/java-7-openjdk-i386/jre/lib/i386/libjava.so
b6400000-b6500000 rw-p 00000000 00:00 0 
b6500000-b6502000 r--s 00012000 08:01 11019258   /usr/lib/jvm/java-7-openjdk-i386/jre/lib/ext/zipfs.jar
b6502000-b6505000 r--s 0000f000 08:01 11019252   /usr/lib/jvm/java-7-openjdk-i386/jre/lib/ext/icedtea-sound.jar
b6505000-b6509000 r--s 00034000 08:01 11019256   /usr/lib/jvm/java-7-openjdk-i386/jre/lib/ext/sunjce_provider.jar
b6509000-b6511000 r-xp 00000000 08:01 11018816   /usr/lib/jvm/java-7-openjdk-i386/jre/lib/i386/libzip.so
b6511000-b6512000 r--p 00007000 08:01 11018816   /usr/lib/jvm/java-7-openjdk-i386/jre/lib/i386/libzip.so
b6512000-b6513000 rw-p 00008000 08:01 11018816   /usr/lib/jvm/java-7-openjdk-i386/jre/lib/i386/libzip.so
b6513000-b651b000 rw-s 00000000 08:01 29495230   /tmp/hsperfdata_gts/13877
b651b000-b6522000 r-xp 00000000 08:01 14418025   /lib/i386-linux-gnu/librt-2.19.so
b6522000-b6523000 r--p 00006000 08:01 14418025   /lib/i386-linux-gnu/librt-2.19.so
b6523000-b6524000 rw-p 00007000 08:01 14418025   /lib/i386-linux-gnu/librt-2.19.so
b6524000-b6527000 ---p 00000000 00:00 0 
b6527000-b6575000 rw-p 00000000 00:00 0          [stack:13879]
b6575000-b6591000 r-xp 00000000 08:01 14417949   /lib/i386-linux-gnu/libgcc_s.so.1
b6591000-b6592000 rw-p 0001b000 08:01 14417949   /lib/i386-linux-gnu/libgcc_s.so.1
b6592000-b65d6000 r-xp 00000000 08:01 14418015   /lib/i386-linux-gnu/libm-2.19.so
b65d6000-b65d7000 r--p 00043000 08:01 14418015   /lib/i386-linux-gnu/libm-2.19.so
b65d7000-b65d8000 rw-p 00044000 08:01 14418015   /lib/i386-linux-gnu/libm-2.19.so
b65d8000-b66b4000 r-xp 00000000 08:01 11015659   /usr/lib/i386-linux-gnu/libstdc++.so.6.0.19
b66b4000-b66b5000 ---p 000dc000 08:01 11015659   /usr/lib/i386-linux-gnu/libstdc++.so.6.0.19
b66b5000-b66b9000 r--p 000dc000 08:01 11015659   /usr/lib/i386-linux-gnu/libstdc++.so.6.0.19
b66b9000-b66ba000 rw-p 000e0000 08:01 11015659   /usr/lib/i386-linux-gnu/libstdc++.so.6.0.19
b66ba000-b66c1000 rw-p 00000000 00:00 0 
b66c1000-b70af000 r-xp 00000000 08:01 11018845   /usr/lib/jvm/java-7-openjdk-i386/jre/lib/i386/server/libjvm.so
b70af000-b70b0000 ---p 009ee000 08:01 11018845   /usr/lib/jvm/java-7-openjdk-i386/jre/lib/i386/server/libjvm.so
b70b0000-b7102000 r--p 009ee000 08:01 11018845   /usr/lib/jvm/java-7-openjdk-i386/jre/lib/i386/server/libjvm.so
b7102000-b7116000 rw-p 00a40000 08:01 11018845   /usr/lib/jvm/java-7-openjdk-i386/jre/lib/i386/server/libjvm.so
b7116000-b7534000 rw-p 00000000 00:00 0 
b7534000-b754c000 r-xp 00000000 08:01 14419096   /lib/i386-linux-gnu/libz.so.1.2.8
b754c000-b754d000 r--p 00017000 08:01 14419096   /lib/i386-linux-gnu/libz.so.1.2.8
b754d000-b754e000 rw-p 00018000 08:01 14419096   /lib/i386-linux-gnu/libz.so.1.2.8
b754e000-b7566000 r-xp 00000000 08:01 14418020   /lib/i386-linux-gnu/libpthread-2.19.so
b7566000-b7567000 r--p 00018000 08:01 14418020   /lib/i386-linux-gnu/libpthread-2.19.so
b7567000-b7568000 rw-p 00019000 08:01 14418020   /lib/i386-linux-gnu/libpthread-2.19.so
b7568000-b756a000 rw-p 00000000 00:00 0 
b756a000-b756d000 r-xp 00000000 08:01 14417940   /lib/i386-linux-gnu/libdl-2.19.so
b756d000-b756e000 r--p 00002000 08:01 14417940   /lib/i386-linux-gnu/libdl-2.19.so
b756e000-b756f000 rw-p 00003000 08:01 14417940   /lib/i386-linux-gnu/libdl-2.19.so
b756f000-b7717000 r-xp 00000000 08:01 14417936   /lib/i386-linux-gnu/libc-2.19.so
b7717000-b7719000 r--p 001a8000 08:01 14417936   /lib/i386-linux-gnu/libc-2.19.so
b7719000-b771a000 rw-p 001aa000 08:01 14417936   /lib/i386-linux-gnu/libc-2.19.so
b771a000-b771d000 rw-p 00000000 00:00 0 
b771d000-b771e000 r--s 00002000 08:01 11019257   /usr/lib/jvm/java-7-openjdk-i386/jre/lib/ext/dnsns.jar
b771e000-b7720000 r--s 00006000 08:01 11275776   /usr/share/java/java-atk-wrapper.jar
b7720000-b7721000 r--p 00595000 08:01 11017721   /usr/lib/locale/locale-archive
b7721000-b7722000 rw-p 00000000 00:00 0 
b7722000-b7723000 ---p 00000000 00:00 0 
b7723000-b7731000 r-xp 00000000 08:01 11018880   /usr/lib/jvm/java-7-openjdk-i386/jre/lib/i386/libverify.so
b7731000-b7732000 r--p 0000d000 08:01 11018880   /usr/lib/jvm/java-7-openjdk-i386/jre/lib/i386/libverify.so
b7732000-b7733000 rw-p 0000e000 08:01 11018880   /usr/lib/jvm/java-7-openjdk-i386/jre/lib/i386/libverify.so
b7733000-b773f000 r-xp 00000000 08:01 11018821   /usr/lib/jvm/java-7-openjdk-i386/jre/lib/i386/jli/libjli.so
b773f000-b7740000 r--p 0000c000 08:01 11018821   /usr/lib/jvm/java-7-openjdk-i386/jre/lib/i386/jli/libjli.so
b7740000-b7741000 rw-p 0000d000 08:01 11018821   /usr/lib/jvm/java-7-openjdk-i386/jre/lib/i386/jli/libjli.so
b7741000-b7744000 rw-p 00000000 00:00 0 
b7744000-b7745000 r-xp 00000000 00:00 0          [vdso]
b7745000-b7765000 r-xp 00000000 08:01 14417946   /lib/i386-linux-gnu/ld-2.19.so
b7765000-b7766000 r--p 0001f000 08:01 14417946   /lib/i386-linux-gnu/ld-2.19.so
b7766000-b7767000 rw-p 00020000 08:01 14417946   /lib/i386-linux-gnu/ld-2.19.so
bfe22000-bfe23000 rwxp 00000000 00:00 0 
bfe55000-bfe76000 rw-p 00000000 00:00 0          [stack]

VM Arguments:
jvm_args: -Xmx1024M -Dfile.encoding=UTF-8 -Duser.country=IN -Duser.language=en -Duser.variant 
java_command: com.android.dx.command.Main --dex --num-threads=4 --output /home/gts/Project/android/projects/GoaAmigo/Traveller/app/build/intermediates/pre-dexed/debug/classes_019fb108bb26d7a9b0f5ed5eca8ef97ca92448c9.jar /home/gts/Project/android/projects/GoaAmigo/Traveller/app/build/intermediates/transforms/CLASSES_and_RESOURCES/EXTERNAL_LIBRARIES/extractJars/debug/classes.jar--113255481
Launcher Type: SUN_STANDARD

Environment Variables:
PATH=/home/gts/bin:/usr/local/sbin:/usr/local/bin:/home/gts/android-studio/bin:/usr/sbin:/usr/bin:/sbin:/bin:/usr/games:/usr/local/games
LD_LIBRARY_PATH=/home/gts/android-studio/bin:
SHELL=/bin/bash
DISPLAY=:0.0

Signal Handlers:
SIGSEGV: [libjvm.so+0x80cd90], sa_mask[0]=0x7ffbfeff, sa_flags=0x10000004
SIGBUS: [libjvm.so+0x80cd90], sa_mask[0]=0x7ffbfeff, sa_flags=0x10000004
SIGFPE: [libjvm.so+0x684dd0], sa_mask[0]=0x7ffbfeff, sa_flags=0x10000004
SIGPIPE: [libjvm.so+0x684dd0], sa_mask[0]=0x7ffbfeff, sa_flags=0x10000004
SIGXFSZ: [libjvm.so+0x684dd0], sa_mask[0]=0x7ffbfeff, sa_flags=0x10000004
SIGILL: [libjvm.so+0x684dd0], sa_mask[0]=0x7ffbfeff, sa_flags=0x10000004
SIGUSR1: SIG_DFL, sa_mask[0]=0x00000000, sa_flags=0x00000000
SIGUSR2: [libjvm.so+0x684c60], sa_mask[0]=0x00000004, sa_flags=0x10000004
SIGHUP: [libjvm.so+0x684e90], sa_mask[0]=0x7ffbfeff, sa_flags=0x10000004
SIGINT: [libjvm.so+0x684e90], sa_mask[0]=0x7ffbfeff, sa_flags=0x10000004
SIGTERM: [libjvm.so+0x684e90], sa_mask[0]=0x7ffbfeff, sa_flags=0x10000004
SIGQUIT: [libjvm.so+0x684e90], sa_mask[0]=0x7ffbfeff, sa_flags=0x10000004
SIGTRAP: SIG_DFL, sa_mask[0]=0x00000000, sa_flags=0x00000000


---------------  S Y S T E M  ---------------

OS:Ubuntu 14.04 (trusty)
uname:Linux 3.13.0-53-generic #89-Ubuntu SMP Wed May 20 10:34:28 UTC 2015 i686
libc:glibc 2.19 NPTL 2.19 
rlimit: STACK 8192k, CORE 0k, NPROC 31139, NOFILE 4096, AS infinity
load average:14.40 6.98 3.33

/proc/meminfo:
MemTotal:        4005148 kB
MemFree:          244064 kB
Buffers:            1420 kB
Cached:           121728 kB
SwapCached:            0 kB
Active:          3571120 kB
Inactive:         108304 kB
Active(anon):    3558860 kB
Inactive(anon):    88636 kB
Active(file):      12260 kB
Inactive(file):    19668 kB
Unevictable:          32 kB
Mlocked:              32 kB
HighTotal:       3150372 kB
HighFree:          67284 kB
LowTotal:         854776 kB
LowFree:          176780 kB
SwapTotal:             0 kB
SwapFree:              0 kB
Dirty:                 0 kB
Writeback:             0 kB
AnonPages:       3556720 kB
Mapped:            63384 kB
Shmem:             90824 kB
Slab:              44596 kB
SReclaimable:      25452 kB
SUnreclaim:        19144 kB
KernelStack:        4368 kB
PageTables:        14932 kB
NFS_Unstable:          0 kB
Bounce:               72 kB
WritebackTmp:          0 kB
CommitLimit:     2002572 kB
Committed_AS:    6159848 kB
VmallocTotal:     122880 kB
VmallocUsed:       13740 kB
VmallocChunk:     103432 kB
HardwareCorrupted:     0 kB
AnonHugePages:   2574336 kB
HugePages_Total:       0
HugePages_Free:        0
HugePages_Rsvd:        0
HugePages_Surp:        0
Hugepagesize:       2048 kB
DirectMap4k:       38904 kB
DirectMap2M:      874496 kB


CPU:total 4 (2 cores per cpu, 2 threads per core) family 6 model 60 stepping 3, cmov, cx8, fxsr, mmx, sse, sse2, sse3, ssse3, sse4.1, sse4.2, popcnt, avx, avx2, aes, erms, ht, tsc, tscinvbit

/proc/cpuinfo:
processor	: 0
vendor_id	: GenuineIntel
cpu family	: 6
model		: 60
model name	: Intel(R) Core(TM) i3-4150 CPU @ 3.50GHz
stepping	: 3
microcode	: 0x17
cpu MHz		: 3500.000
cache size	: 3072 KB
physical id	: 0
siblings	: 4
core id		: 0
cpu cores	: 2
apicid		: 0
initial apicid	: 0
fdiv_bug	: no
f00f_bug	: no
coma_bug	: no
fpu		: yes
fpu_exception	: yes
cpuid level	: 13
wp		: yes
flags		: fpu vme de pse tsc msr pae mce cx8 apic sep mtrr pge mca cmov pat pse36 clflush dts acpi mmx fxsr sse sse2 ss ht tm pbe nx pdpe1gb rdtscp lm constant_tsc arch_perfmon pebs bts xtopology nonstop_tsc aperfmperf eagerfpu pni pclmulqdq dtes64 monitor ds_cpl vmx est tm2 ssse3 fma cx16 xtpr pdcm pcid sse4_1 sse4_2 movbe popcnt tsc_deadline_timer aes xsave avx f16c rdrand lahf_lm abm arat epb xsaveopt pln pts dtherm tpr_shadow vnmi flexpriority ept vpid fsgsbase tsc_adjust bmi1 avx2 smep bmi2 erms invpcid
bogomips	: 6983.93
clflush size	: 64
cache_alignment	: 64
address sizes	: 39 bits physical, 48 bits virtual
power management:

processor	: 1
vendor_id	: GenuineIntel
cpu family	: 6
model		: 60
model name	: Intel(R) Core(TM) i3-4150 CPU @ 3.50GHz
stepping	: 3
microcode	: 0x17
cpu MHz		: 3500.000
cache size	: 3072 KB
physical id	: 0
siblings	: 4
core id		: 1
cpu cores	: 2
apicid		: 2
initial apicid	: 2
fdiv_bug	: no
f00f_bug	: no
coma_bug	: no
fpu		: yes
fpu_exception	: yes
cpuid level	: 13
wp		: yes
flags		: fpu vme de pse tsc msr pae mce cx8 apic sep mtrr pge mca cmov pat pse36 clflush dts acpi mmx fxsr sse sse2 ss ht tm pbe nx pdpe1gb rdtscp lm constant_tsc arch_perfmon pebs bts xtopology nonstop_tsc aperfmperf eagerfpu pni pclmulqdq dtes64 monitor ds_cpl vmx est tm2 ssse3 fma cx16 xtpr pdcm pcid sse4_1 sse4_2 movbe popcnt tsc_deadline_timer aes xsave avx f16c rdrand lahf_lm abm arat epb xsaveopt pln pts dtherm tpr_shadow vnmi flexpriority ept vpid fsgsbase tsc_adjust bmi1 avx2 smep bmi2 erms invpcid
bogomips	: 6983.93
clflush size	: 64
cache_alignment	: 64
address sizes	: 39 bits physical, 48 bits virtual
power management:

processor	: 2
vendor_id	: GenuineIntel
cpu family	: 6
model		: 60
model name	: Intel(R) Core(TM) i3-4150 CPU @ 3.50GHz
stepping	: 3
microcode	: 0x17
cpu MHz		: 3500.000
cache size	: 3072 KB
physical id	: 0
siblings	: 4
core id		: 0
cpu cores	: 2
apicid		: 1
initial apicid	: 1
fdiv_bug	: no
f00f_bug	: no
coma_bug	: no
fpu		: yes
fpu_exception	: yes
cpuid level	: 13
wp		: yes
flags		: fpu vme de pse tsc msr pae mce cx8 apic sep mtrr pge mca cmov pat pse36 clflush dts acpi mmx fxsr sse sse2 ss ht tm pbe nx pdpe1gb rdtscp lm constant_tsc arch_perfmon pebs bts xtopology nonstop_tsc aperfmperf eagerfpu pni pclmulqdq dtes64 monitor ds_cpl vmx est tm2 ssse3 fma cx16 xtpr pdcm pcid sse4_1 sse4_2 movbe popcnt tsc_deadline_timer aes xsave avx f16c rdrand lahf_lm abm arat epb xsaveopt pln pts dtherm tpr_shadow vnmi flexpriority ept vpid fsgsbase tsc_adjust bmi1 avx2 smep bmi2 erms invpcid
bogomips	: 6983.93
clflush size	: 64
cache_alignment	: 64
address sizes	: 39 bits physical, 48 bits virtual
power management:

processor	: 3
vendor_id	: GenuineIntel
cpu family	: 6
model		: 60
model name	: Intel(R) Core(TM) i3-4150 CPU @ 3.50GHz
stepping	: 3
microcode	: 0x17
cpu MHz		: 3500.000
cache size	: 3072 KB
physical id	: 0
siblings	: 4
core id		: 1
cpu cores	: 2
apicid		: 3
initial apicid	: 3
fdiv_bug	: no
f00f_bug	: no
coma_bug	: no
fpu		: yes
fpu_exception	: yes
cpuid level	: 13
wp		: yes
flags		: fpu vme de pse tsc msr pae mce cx8 apic sep mtrr pge mca cmov pat pse36 clflush dts acpi mmx fxsr sse sse2 ss ht tm pbe nx pdpe1gb rdtscp lm constant_tsc arch_perfmon pebs bts xtopology nonstop_tsc aperfmperf eagerfpu pni pclmulqdq dtes64 monitor ds_cpl vmx est tm2 ssse3 fma cx16 xtpr pdcm pcid sse4_1 sse4_2 movbe popcnt tsc_deadline_timer aes xsave avx f16c rdrand lahf_lm abm arat epb xsaveopt pln pts dtherm tpr_shadow vnmi flexpriority ept vpid fsgsbase tsc_adjust bmi1 avx2 smep bmi2 erms invpcid
bogomips	: 6983.93
clflush size	: 64
cache_alignment	: 64
address sizes	: 39 bits physical, 48 bits virtual
power management:



Memory: 4k page, physical 4005148k(244064k free), swap 0k(0k free)

vm_info: OpenJDK Server VM (24.79-b02) for linux-x86 JRE (1.7.0_79-b14), built on Apr 16 2015 08:24:42 by "buildd" with gcc 4.8.2

time: Wed Nov  4 16:01:49 2015
elapsed time: 29 seconds

