#
# There is insufficient memory for the Java Runtime Environment to continue.
# Native memory allocation (malloc) failed to allocate 146800640 bytes for committing reserved memory.
# Possible reasons:
#   The system is out of physical RAM or swap space
#   In 32 bit mode, the process size limit was hit
# Possible solutions:
#   Reduce memory load on the system
#   Increase physical memory or swap space
#   Check if swap backing store is full
#   Use 64 bit Java on a 64 bit OS
#   Decrease Java heap size (-Xmx/-Xms)
#   Decrease number of Java threads
#   Decrease Java thread stack sizes (-Xss)
#   Set larger code cache with -XX:ReservedCodeCacheSize=
# This output file may be truncated or incomplete.
#
#  Out of Memory Error (os_linux.cpp:2809), pid=8044, tid=1742531392
#
# JRE version: OpenJDK Runtime Environment (7.0_79-b14) (build 1.7.0_79-b14)
# Java VM: OpenJDK Server VM (24.79-b02 mixed mode linux-x86 )
# Derivative: IcedTea 2.5.5
# Distribution: Ubuntu 14.04 LTS, package 7u79-2.5.5-0ubuntu0.14.04.2
# Failed to write core dump. Core dumps have been disabled. To enable core dumping, try "ulimit -c unlimited" before starting Java again
#

---------------  T H R E A D  ---------------

Current thread (0x67c80400):  VMThread [stack: 0x67d4e000,0x67dcf000] [id=8053]

Stack: [0x67d4e000,0x67dcf000]
VM_Operation (0xb65ed42c): ParallelGCFailedAllocation, mode: safepoint, requested by thread 0xb6407c00


---------------  P R O C E S S  ---------------

Java Threads: ( => current thread )
  0x67422800 JavaThread "pool-1-thread-4" [_thread_blocked, id=8065, stack(0x672bc000,0x6730d000)]
  0x67421000 JavaThread "pool-1-thread-3" [_thread_blocked, id=8064, stack(0x6730d000,0x6735e000)]
  0x67420400 JavaThread "pool-1-thread-2" [_thread_blocked, id=8063, stack(0x6735e000,0x673af000)]
  0x6741ec00 JavaThread "pool-2-thread-1" [_thread_blocked, id=8062, stack(0x673af000,0x67400000)]
  0x6741d400 JavaThread "pool-1-thread-1" [_thread_blocked, id=8061, stack(0x67539000,0x6758a000)]
  0x67c9c800 JavaThread "Service Thread" daemon [_thread_blocked, id=8059, stack(0x6760b000,0x6765c000)]
  0x67c9ac00 JavaThread "C2 CompilerThread1" daemon [_thread_blocked, id=8058, stack(0x6765c000,0x676dd000)]
  0x67c98c00 JavaThread "C2 CompilerThread0" daemon [_thread_blocked, id=8057, stack(0x676dd000,0x6775e000)]
  0x67c97000 JavaThread "Signal Dispatcher" daemon [_thread_blocked, id=8056, stack(0x6775e000,0x677af000)]
  0x67c84800 JavaThread "Finalizer" daemon [_thread_blocked, id=8055, stack(0x679af000,0x67a00000)]
  0x67c83000 JavaThread "Reference Handler" daemon [_thread_blocked, id=8054, stack(0x6a92e000,0x6a97f000)]
  0xb6407c00 JavaThread "main" [_thread_blocked, id=8046, stack(0xb659e000,0xb65ef000)]

Other Threads:
=>0x67c80400 VMThread [stack: 0x67d4e000,0x67dcf000] [id=8053]
  0x67c9e400 WatcherThread [stack: 0x6758a000,0x6760b000] [id=8060]

VM state:at safepoint (normal execution)

VM Mutex/Monitor currently owned by a thread:  ([mutex/lock_event])
[0xb6405290] Threads_lock - owner thread: 0x67c80400
[0xb64056a0] Heap_lock - owner thread: 0xb6407c00

Heap
 PSYoungGen      total 140032K, used 15092K [0x9ddc0000, 0xa7740000, 0xb3340000)
  eden space 124928K, 0% used [0x9ddc0000,0x9ddc0000,0xa57c0000)
  from space 15104K, 99% used [0xa57c0000,0xa667d268,0xa6680000)
  to   space 13056K, 0% used [0xa6680000,0xa6680000,0xa7340000)
 ParOldGen       total 41728K, used 38010K [0x73340000, 0x75c00000, 0x9ddc0000)
  object space 41728K, 91% used [0x73340000,0x7585e938,0x75c00000)
 PSPermGen       total 16384K, used 3913K [0x6b340000, 0x6c340000, 0x73340000)
  object space 16384K, 23% used [0x6b340000,0x6b712628,0x6c340000)

Card table byte_map: [0x6b0ff000,0x6b340000] byte_map_base: 0x6ada5600

Polling page: 0xb779c000

Code Cache  [0xb3400000, 0xb3640000, 0xb6400000)
 total_blobs=431 nmethods=312 adapters=72 free_code_cache=47864Kb largest_free_block=48948672

Compilation events (10 events):
Event: 10.547 Thread 0x67c9ac00 nmethod 310 0xb34f1088 code [0xb34f1160, 0xb34f11b0]
Event: 10.547 Thread 0x67c9ac00  311             java.lang.Math::max (11 bytes)
Event: 10.548 Thread 0x67c9ac00 nmethod 311 0xb3470c88 code [0xb3470d60, 0xb3470d90]
Event: 10.548 Thread 0x67c9ac00  312             com.android.dx.rop.code.RegisterSpec::getTypeBearer (5 bytes)
Event: 10.548 Thread 0x67c9ac00 nmethod 312 0xb34f0f08 code [0xb34f0fe0, 0xb34f1030]
Event: 10.548 Thread 0x67c9ac00  313             java.lang.StringBuilder::append (8 bytes)
Event: 10.584 Thread 0x67c9ac00 nmethod 313 0xb34efb08 code [0xb34efc20, 0xb34efff0]
Event: 10.584 Thread 0x67c9ac00  314             java.io.DataInputStream::readUnsignedShort (39 bytes)
Event: 10.610 Thread 0x67c9ac00 nmethod 314 0xb3497c88 code [0xb3497da0, 0xb3497f50]
Event: 10.610 Thread 0x67c9ac00  315             com.android.dx.ssa.Dominators::eval (29 bytes)

GC Heap History (10 events):
Event: 1.835 GC heap after
Heap after GC invocations=2 (full 0):
 PSYoungGen      total 34304K, used 2558K [0x9ddc0000, 0xa01c0000, 0xb3340000)
  eden space 31744K, 0% used [0x9ddc0000,0x9ddc0000,0x9fcc0000)
  from space 2560K, 99% used [0x9ff40000,0xa01bfa48,0xa01c0000)
  to   space 2560K, 0% used [0x9fcc0000,0x9fcc0000,0x9ff40000)
 ParOldGen       total 41728K, used 3127K [0x73340000, 0x75c00000, 0x9ddc0000)
  object space 41728K, 7% used [0x73340000,0x7364dde0,0x75c00000)
 PSPermGen       total 16384K, used 3757K [0x6b340000, 0x6c340000, 0x73340000)
  object space 16384K, 22% used [0x6b340000,0x6b6eb568,0x6c340000)
}
Event: 2.868 GC heap before
{Heap before GC invocations=3 (full 0):
 PSYoungGen      total 34304K, used 34302K [0x9ddc0000, 0xa01c0000, 0xb3340000)
  eden space 31744K, 100% used [0x9ddc0000,0x9fcc0000,0x9fcc0000)
  from space 2560K, 99% used [0x9ff40000,0xa01bfa48,0xa01c0000)
  to   space 2560K, 0% used [0x9fcc0000,0x9fcc0000,0x9ff40000)
 ParOldGen       total 41728K, used 3127K [0x73340000, 0x75c00000, 0x9ddc0000)
  object space 41728K, 7% used [0x73340000,0x7364dde0,0x75c00000)
 PSPermGen       total 16384K, used 3804K [0x6b340000, 0x6c340000, 0x73340000)
  object space 16384K, 23% used [0x6b340000,0x6b6f72a8,0x6c340000)
Event: 2.897 GC heap after
Heap after GC invocations=3 (full 0):
 PSYoungGen      total 34304K, used 2556K [0x9ddc0000, 0xa20c0000, 0xb3340000)
  eden space 31744K, 0% used [0x9ddc0000,0x9ddc0000,0x9fcc0000)
  from space 2560K, 99% used [0x9fcc0000,0x9ff3f160,0x9ff40000)
  to   space 2560K, 0% used [0xa1e40000,0xa1e40000,0xa20c0000)
 ParOldGen       total 41728K, used 7952K [0x73340000, 0x75c00000, 0x9ddc0000)
  object space 41728K, 19% used [0x73340000,0x73b04058,0x75c00000)
 PSPermGen       total 16384K, used 3804K [0x6b340000, 0x6c340000, 0x73340000)
  object space 16384K, 23% used [0x6b340000,0x6b6f72a8,0x6c340000)
}
Event: 3.965 GC heap before
{Heap before GC invocations=4 (full 0):
 PSYoungGen      total 34304K, used 34300K [0x9ddc0000, 0xa20c0000, 0xb3340000)
  eden space 31744K, 100% used [0x9ddc0000,0x9fcc0000,0x9fcc0000)
  from space 2560K, 99% used [0x9fcc0000,0x9ff3f160,0x9ff40000)
  to   space 2560K, 0% used [0xa1e40000,0xa1e40000,0xa20c0000)
 ParOldGen       total 41728K, used 7952K [0x73340000, 0x75c00000, 0x9ddc0000)
  object space 41728K, 19% used [0x73340000,0x73b04058,0x75c00000)
 PSPermGen       total 16384K, used 3823K [0x6b340000, 0x6c340000, 0x73340000)
  object space 16384K, 23% used [0x6b340000,0x6b6fbdf8,0x6c340000)
Event: 3.985 GC heap after
Heap after GC invocations=4 (full 0):
 PSYoungGen      total 66048K, used 2559K [0x9ddc0000, 0xa20c0000, 0xb3340000)
  eden space 63488K, 0% used [0x9ddc0000,0x9ddc0000,0xa1bc0000)
  from space 2560K, 99% used [0xa1e40000,0xa20bfdd0,0xa20c0000)
  to   space 2560K, 0% used [0xa1bc0000,0xa1bc0000,0xa1e40000)
 ParOldGen       total 41728K, used 12370K [0x73340000, 0x75c00000, 0x9ddc0000)
  object space 41728K, 29% used [0x73340000,0x73f54b00,0x75c00000)
 PSPermGen       total 16384K, used 3823K [0x6b340000, 0x6c340000, 0x73340000)
  object space 16384K, 23% used [0x6b340000,0x6b6fbdf8,0x6c340000)
}
Event: 5.888 GC heap before
{Heap before GC invocations=5 (full 0):
 PSYoungGen      total 66048K, used 66047K [0x9ddc0000, 0xa20c0000, 0xb3340000)
  eden space 63488K, 100% used [0x9ddc0000,0xa1bc0000,0xa1bc0000)
  from space 2560K, 99% used [0xa1e40000,0xa20bfdd0,0xa20c0000)
  to   space 2560K, 0% used [0xa1bc0000,0xa1bc0000,0xa1e40000)
 ParOldGen       total 41728K, used 12370K [0x73340000, 0x75c00000, 0x9ddc0000)
  object space 41728K, 29% used [0x73340000,0x73f54b00,0x75c00000)
 PSPermGen       total 16384K, used 3853K [0x6b340000, 0x6c340000, 0x73340000)
  object space 16384K, 23% used [0x6b340000,0x6b703420,0x6c340000)
Event: 5.946 GC heap after
Heap after GC invocations=5 (full 0):
 PSYoungGen      total 66048K, used 2550K [0x9ddc0000, 0xa7340000, 0xb3340000)
  eden space 63488K, 0% used [0x9ddc0000,0x9ddc0000,0xa1bc0000)
  from space 2560K, 99% used [0xa1bc0000,0xa1e3db40,0xa1e40000)
  to   space 13056K, 0% used [0xa6680000,0xa6680000,0xa7340000)
 ParOldGen       total 41728K, used 22720K [0x73340000, 0x75c00000, 0x9ddc0000)
  object space 41728K, 54% used [0x73340000,0x749700d0,0x75c00000)
 PSPermGen       total 16384K, used 3853K [0x6b340000, 0x6c340000, 0x73340000)
  object space 16384K, 23% used [0x6b340000,0x6b703420,0x6c340000)
}
Event: 7.308 GC heap before
{Heap before GC invocations=6 (full 0):
 PSYoungGen      total 66048K, used 66038K [0x9ddc0000, 0xa7340000, 0xb3340000)
  eden space 63488K, 100% used [0x9ddc0000,0xa1bc0000,0xa1bc0000)
  from space 2560K, 99% used [0xa1bc0000,0xa1e3db40,0xa1e40000)
  to   space 13056K, 0% used [0xa6680000,0xa6680000,0xa7340000)
 ParOldGen       total 41728K, used 22720K [0x73340000, 0x75c00000, 0x9ddc0000)
  object space 41728K, 54% used [0x73340000,0x749700d0,0x75c00000)
 PSPermGen       total 16384K, used 3868K [0x6b340000, 0x6c340000, 0x73340000)
  object space 16384K, 23% used [0x6b340000,0x6b707110,0x6c340000)
Event: 7.355 GC heap after
Heap after GC invocations=6 (full 0):
 PSYoungGen      total 137984K, used 12538K [0x9ddc0000, 0xa7740000, 0xb3340000)
  eden space 124928K, 0% used [0x9ddc0000,0x9ddc0000,0xa57c0000)
  from space 13056K, 96% used [0xa6680000,0xa72beb88,0xa7340000)
  to   space 15104K, 0% used [0xa57c0000,0xa57c0000,0xa6680000)
 ParOldGen       total 41728K, used 22720K [0x73340000, 0x75c00000, 0x9ddc0000)
  object space 41728K, 54% used [0x73340000,0x749700d0,0x75c00000)
 PSPermGen       total 16384K, used 3868K [0x6b340000, 0x6c340000, 0x73340000)
  object space 16384K, 23% used [0x6b340000,0x6b707110,0x6c340000)
}
Event: 10.621 GC heap before
{Heap before GC invocations=7 (full 0):
 PSYoungGen      total 137984K, used 137466K [0x9ddc0000, 0xa7740000, 0xb3340000)
  eden space 124928K, 100% used [0x9ddc0000,0xa57c0000,0xa57c0000)
  from space 13056K, 96% used [0xa6680000,0xa72beb88,0xa7340000)
  to   space 15104K, 0% used [0xa57c0000,0xa57c0000,0xa6680000)
 ParOldGen       total 41728K, used 22720K [0x73340000, 0x75c00000, 0x9ddc0000)
  object space 41728K, 54% used [0x73340000,0x749700d0,0x75c00000)
 PSPermGen       total 16384K, used 3913K [0x6b340000, 0x6c340000, 0x73340000)
  object space 16384K, 23% used [0x6b340000,0x6b712628,0x6c340000)

Deoptimization events (10 events):
Event: 1.477 Thread 0x67420400 Uncommon trap: reason=unreached action=reinterpret pc=0xb3468ad4 method=com.android.dx.rop.cst.Constant.compareTo(Lcom/android/dx/rop/cst/Constant;)I @ 12
Event: 2.217 Thread 0xb6407c00 Uncommon trap: reason=null_check action=make_not_entrant pc=0xb3479ba4 method=com.android.dx.rop.type.Type.putIntern(Lcom/android/dx/rop/type/Type;)Lcom/android/dx/rop/type/Type; @ 18
Event: 3.436 Thread 0x67420400 Uncommon trap: reason=unreached action=reinterpret pc=0xb3499838 method=com.android.dx.ssa.LocalVariableExtractor.processBlock(I)V @ 251
Event: 3.997 Thread 0x67420400 Uncommon trap: reason=null_check action=make_not_entrant pc=0xb346cf54 method=com.android.dx.rop.type.Type.equals(Ljava/lang/Object;)Z @ 8
Event: 4.572 Thread 0x67422800 Uncommon trap: reason=null_check action=make_not_entrant pc=0xb34a07d4 method=com.android.dx.ssa.SsaRenamer.getLocalForNewReg(I)Lcom/android/dx/rop/code/LocalItem; @ 19
Event: 5.281 Thread 0x6741d400 Uncommon trap: reason=unreached action=reinterpret pc=0xb34bbfbc method=com.android.dx.ssa.SsaMethod.updateOneDefinition(Lcom/android/dx/ssa/SsaInsn;Lcom/android/dx/rop/code/RegisterSpec;)V @ 4
Event: 7.950 Thread 0x67422800 Uncommon trap: reason=unreached action=reinterpret pc=0xb34d0c34 method=com.android.dx.rop.code.LocalItem.compareHandlesNulls(Lcom/android/dx/rop/cst/CstString;Lcom/android/dx/rop/cst/CstString;)I @ 14
Event: 8.874 Thread 0x67422800 Uncommon trap: reason=class_check action=maybe_recompile pc=0xb3514218 method=com.android.dx.ssa.SCCP.replaceConstants()V @ 127
Event: 10.008 Thread 0x6741d400 Uncommon trap: reason=class_check action=maybe_recompile pc=0xb3514218 method=com.android.dx.ssa.SCCP.replaceConstants()V @ 127
Event: 10.263 Thread 0x6741d400 Uncommon trap: reason=class_check action=maybe_recompile pc=0xb3514218 method=com.android.dx.ssa.SCCP.replaceConstants()V @ 127

Internal exceptions (10 events):
Event: 1.597 Thread 0x67421000 Threw 0x9e5a2310 at /build/buildd/openjdk-7-7u79-2.5.5/build/openjdk/hotspot/src/share/vm/prims/jvm.cpp:1284
Event: 1.855 Thread 0xb6407c00 Threw 0x9ded5980 at /build/buildd/openjdk-7-7u79-2.5.5/build/openjdk/hotspot/src/share/vm/prims/jvm.cpp:1284
Event: 2.217 Thread 0xb6407c00 Implicit null exception at 0xb34795a6 to 0xb3479b95
Event: 3.757 Thread 0x67422800 Threw 0x9f67f540 at /build/buildd/openjdk-7-7u79-2.5.5/build/openjdk/hotspot/src/share/vm/prims/jvm.cpp:1284
Event: 3.997 Thread 0x67420400 Implicit null exception at 0xb346ce6b to 0xb346cf45
Event: 4.323 Thread 0xb6407c00 Threw 0x9e7ab1a8 at /build/buildd/openjdk-7-7u79-2.5.5/build/openjdk/hotspot/src/share/vm/prims/jvm.cpp:1284
Event: 4.572 Thread 0x67422800 Implicit null exception at 0xb349ed29 to 0xb34a07c5
Event: 5.280 Thread 0x6741d400 Threw 0xa0562658 at /build/buildd/openjdk-7-7u79-2.5.5/build/openjdk/hotspot/src/share/vm/prims/jvm.cpp:1284
Event: 5.496 Thread 0xb6407c00 Threw 0xa0dca950 at /build/buildd/openjdk-7-7u79-2.5.5/build/openjdk/hotspot/src/share/vm/prims/jvm.cpp:1284
Event: 7.950 Thread 0x67422800 Implicit null exception at 0xb34d0ad9 to 0xb34d0c21

Events (10 events):
Event: 8.874 Thread 0x67422800 DEOPT UNPACKING pc=0xb342cbc8 sp=0x6730bbac mode 2
Event: 9.991 Thread 0x67c9ac00 flushing nmethod 0xb3497c88
Event: 10.008 Thread 0x6741d400 Uncommon trap: trap_request=0xffffffde fr.pc=0xb3514218
Event: 10.008 Thread 0x6741d400 DEOPT PACKING pc=0xb3514218 sp=0x67588bd0
Event: 10.008 Thread 0x6741d400 DEOPT UNPACKING pc=0xb342cbc8 sp=0x67588bac mode 2
Event: 10.263 Thread 0x6741d400 Uncommon trap: trap_request=0xffffffde fr.pc=0xb3514218
Event: 10.263 Thread 0x6741d400 DEOPT PACKING pc=0xb3514218 sp=0x67588bd0
Event: 10.263 Thread 0x6741d400 DEOPT UNPACKING pc=0xb342cbc8 sp=0x67588bac mode 2
Event: 10.548 Thread 0x67c9ac00 flushing nmethod 0xb346cd48
Event: 10.618 Executing VM operation: ParallelGCFailedAllocation


Dynamic libraries:
08048000-08049000 r-xp 00000000 08:01 11018699   /usr/lib/jvm/java-7-openjdk-i386/jre/bin/java
08049000-0804a000 r--p 00000000 08:01 11018699   /usr/lib/jvm/java-7-openjdk-i386/jre/bin/java
0804a000-0804b000 rw-p 00001000 08:01 11018699   /usr/lib/jvm/java-7-openjdk-i386/jre/bin/java
095d8000-096bb000 rw-p 00000000 00:00 0          [heap]
65600000-656fb000 rw-p 00000000 00:00 0 
656fb000-65700000 ---p 00000000 00:00 0 
65700000-657a7000 rw-p 00000000 00:00 0 
657a7000-65800000 ---p 00000000 00:00 0 
65800000-65900000 rw-p 00000000 00:00 0 
65a00000-65af1000 rw-p 00000000 00:00 0 
65af1000-65b00000 ---p 00000000 00:00 0 
65b00000-65bb6000 rw-p 00000000 00:00 0 
65bb6000-65c00000 ---p 00000000 00:00 0 
65c00000-65cf9000 rw-p 00000000 00:00 0 
65cf9000-65d00000 ---p 00000000 00:00 0 
65e00000-65eff000 rw-p 00000000 00:00 0 
65eff000-65f00000 ---p 00000000 00:00 0 
65f00000-65ff9000 rw-p 00000000 00:00 0 
65ff9000-66000000 ---p 00000000 00:00 0 
66000000-660e7000 rw-p 00000000 00:00 0 
660e7000-66100000 ---p 00000000 00:00 0 
66100000-661f5000 rw-p 00000000 00:00 0 
661f5000-66200000 ---p 00000000 00:00 0 
66200000-663fa000 rw-p 00000000 00:00 0 
663fa000-66400000 ---p 00000000 00:00 0 
66400000-664ea000 rw-p 00000000 00:00 0 
664ea000-66500000 ---p 00000000 00:00 0 
66500000-665fb000 rw-p 00000000 00:00 0 
665fb000-66600000 ---p 00000000 00:00 0 
66600000-66700000 rw-p 00000000 00:00 0 
66700000-667fa000 rw-p 00000000 00:00 0 
667fa000-66800000 ---p 00000000 00:00 0 
66900000-66a00000 rw-p 00000000 00:00 0 
66a00000-66abf000 rw-p 00000000 00:00 0 
66abf000-66b00000 ---p 00000000 00:00 0 
66b00000-66c00000 rw-p 00000000 00:00 0 
66d00000-66dfc000 rw-p 00000000 00:00 0 
66dfc000-66e00000 ---p 00000000 00:00 0 
66f00000-66ff8000 rw-p 00000000 00:00 0 
66ff8000-67000000 ---p 00000000 00:00 0 
67000000-670f9000 rw-p 00000000 00:00 0 
670f9000-67100000 ---p 00000000 00:00 0 
67100000-671fc000 rw-p 00000000 00:00 0 
671fc000-67200000 ---p 00000000 00:00 0 
672bc000-672bf000 ---p 00000000 00:00 0 
672bf000-6730d000 rw-p 00000000 00:00 0          [stack:8065]
6730d000-67310000 ---p 00000000 00:00 0 
67310000-6735e000 rw-p 00000000 00:00 0          [stack:8064]
6735e000-67361000 ---p 00000000 00:00 0 
67361000-673af000 rw-p 00000000 00:00 0          [stack:8063]
673af000-673b2000 ---p 00000000 00:00 0 
673b2000-67400000 rw-p 00000000 00:00 0          [stack:8062]
67400000-67453000 rw-p 00000000 00:00 0 
67453000-67500000 ---p 00000000 00:00 0 
67539000-6753c000 ---p 00000000 00:00 0 
6753c000-6758a000 rw-p 00000000 00:00 0          [stack:8061]
6758a000-6758b000 ---p 00000000 00:00 0 
6758b000-6760b000 rw-p 00000000 00:00 0          [stack:8060]
6760b000-6760e000 ---p 00000000 00:00 0 
6760e000-6765c000 rw-p 00000000 00:00 0          [stack:8059]
6765c000-6765f000 ---p 00000000 00:00 0 
6765f000-676dd000 rw-p 00000000 00:00 0          [stack:8058]
676dd000-676e0000 ---p 00000000 00:00 0 
676e0000-6775e000 rw-p 00000000 00:00 0          [stack:8057]
6775e000-67761000 ---p 00000000 00:00 0 
67761000-677af000 rw-p 00000000 00:00 0          [stack:8056]
677af000-679af000 r--p 00000000 08:01 11017721   /usr/lib/locale/locale-archive
679af000-679b2000 ---p 00000000 00:00 0 
679b2000-67a00000 rw-p 00000000 00:00 0          [stack:8055]
67a00000-67afa000 rw-p 00000000 00:00 0 
67afa000-67b00000 ---p 00000000 00:00 0 
67b00000-67b2f000 rw-p 00000000 00:00 0 
67b2f000-67c00000 ---p 00000000 00:00 0 
67c00000-67d00000 rw-p 00000000 00:00 0 
67d0f000-67d4e000 r--p 00277000 08:01 11017721   /usr/lib/locale/locale-archive
67d4e000-67d4f000 ---p 00000000 00:00 0 
67d4f000-67dcf000 rw-p 00000000 00:00 0          [stack:8053]
67dcf000-67f80000 r--s 01d27000 08:01 11019249   /usr/lib/jvm/java-7-openjdk-i386/jre/lib/rt.jar
67f80000-6a800000 rw-p 00000000 00:00 0 
6a800000-6a8fa000 rw-p 00000000 00:00 0 
6a8fa000-6a900000 ---p 00000000 00:00 0 
6a92e000-6a931000 ---p 00000000 00:00 0 
6a931000-6a97f000 rw-p 00000000 00:00 0          [stack:8054]
6a97f000-6a980000 ---p 00000000 00:00 0 
6a980000-6aa00000 rw-p 00000000 00:00 0          [stack:8052]
6aa00000-6aa21000 rw-p 00000000 00:00 0 
6aa21000-6ab00000 ---p 00000000 00:00 0 
6ab00000-6ab21000 rw-p 00000000 00:00 0 
6ab21000-6ac00000 ---p 00000000 00:00 0 
6ac27000-6ac36000 r--s 000df000 08:01 26749506   /home/gts/Android/Sdk/build-tools/23.0.1/lib/dx.jar
6ac36000-6ac7f000 rw-p 00000000 00:00 0 
6ac7f000-6ac80000 ---p 00000000 00:00 0 
6ac80000-6ad00000 rw-p 00000000 00:00 0          [stack:8051]
6ad00000-6ad29000 rw-p 00000000 00:00 0 
6ad29000-6ae00000 ---p 00000000 00:00 0 
6ae00000-6ae02000 r--s 00012000 08:01 11019258   /usr/lib/jvm/java-7-openjdk-i386/jre/lib/ext/zipfs.jar
6ae02000-6ae05000 r--s 00086000 08:01 11019255   /usr/lib/jvm/java-7-openjdk-i386/jre/lib/ext/localedata.jar
6ae05000-6ae09000 r--s 0003c000 08:01 11019254   /usr/lib/jvm/java-7-openjdk-i386/jre/lib/ext/sunpkcs11.jar
6ae09000-6ae0c000 r--s 0000f000 08:01 11019252   /usr/lib/jvm/java-7-openjdk-i386/jre/lib/ext/icedtea-sound.jar
6ae0c000-6ae67000 rw-p 00000000 00:00 0 
6ae67000-6ae68000 ---p 00000000 00:00 0 
6ae68000-6aee8000 rw-p 00000000 00:00 0          [stack:8050]
6aee8000-6aee9000 ---p 00000000 00:00 0 
6aee9000-6af71000 rw-p 00000000 00:00 0          [stack:8048]
6af71000-6afa9000 rw-p 00000000 00:00 0 
6afa9000-6afbe000 rw-p 00000000 00:00 0 
6afbe000-6b0ff000 rw-p 00000000 00:00 0 
6b0ff000-6b107000 rw-p 00000000 00:00 0 
6b107000-6b13f000 rw-p 00000000 00:00 0 
6b13f000-6b154000 rw-p 00000000 00:00 0 
6b154000-6b294000 rw-p 00000000 00:00 0 
6b294000-6b2e1000 rw-p 00000000 00:00 0 
6b2e1000-6b33f000 rw-p 00000000 00:00 0 
6b33f000-6c340000 rw-p 00000000 00:00 0 
6c340000-73340000 rw-p 00000000 00:00 0 
73340000-75c00000 rw-p 00000000 00:00 0 
75c00000-9ddc0000 rw-p 00000000 00:00 0 
9ddc0000-a7740000 rw-p 00000000 00:00 0 
b0340000-b3340000 rw-p 00000000 00:00 0 
b3340000-b3349000 rw-p 00000000 00:00 0 
b3349000-b3400000 rw-p 00000000 00:00 0 
b3400000-b3640000 rwxp 00000000 00:00 0 
b3640000-b6500000 rw-p 00000000 00:00 0 
b6500000-b651b000 rw-p 00000000 00:00 0 
b651b000-b6526000 r-xp 00000000 08:01 14418024   /lib/i386-linux-gnu/libnss_files-2.19.so
b6526000-b6527000 r--p 0000a000 08:01 14418024   /lib/i386-linux-gnu/libnss_files-2.19.so
b6527000-b6528000 rw-p 0000b000 08:01 14418024   /lib/i386-linux-gnu/libnss_files-2.19.so
b6528000-b6532000 r-xp 00000000 08:01 14417950   /lib/i386-linux-gnu/libnss_nis-2.19.so
b6532000-b6533000 r--p 00009000 08:01 14417950   /lib/i386-linux-gnu/libnss_nis-2.19.so
b6533000-b6534000 rw-p 0000a000 08:01 14417950   /lib/i386-linux-gnu/libnss_nis-2.19.so
b6534000-b6549000 r-xp 00000000 08:01 14417951   /lib/i386-linux-gnu/libnsl-2.19.so
b6549000-b654a000 r--p 00015000 08:01 14417951   /lib/i386-linux-gnu/libnsl-2.19.so
b654a000-b654b000 rw-p 00016000 08:01 14417951   /lib/i386-linux-gnu/libnsl-2.19.so
b654b000-b654d000 rw-p 00000000 00:00 0 
b654d000-b6554000 r-xp 00000000 08:01 14418016   /lib/i386-linux-gnu/libnss_compat-2.19.so
b6554000-b6555000 r--p 00006000 08:01 14418016   /lib/i386-linux-gnu/libnss_compat-2.19.so
b6555000-b6556000 rw-p 00007000 08:01 14418016   /lib/i386-linux-gnu/libnss_compat-2.19.so
b6556000-b655a000 r--s 00034000 08:01 11019256   /usr/lib/jvm/java-7-openjdk-i386/jre/lib/ext/sunjce_provider.jar
b655a000-b6562000 r-xp 00000000 08:01 11018816   /usr/lib/jvm/java-7-openjdk-i386/jre/lib/i386/libzip.so
b6562000-b6563000 r--p 00007000 08:01 11018816   /usr/lib/jvm/java-7-openjdk-i386/jre/lib/i386/libzip.so
b6563000-b6564000 rw-p 00008000 08:01 11018816   /usr/lib/jvm/java-7-openjdk-i386/jre/lib/i386/libzip.so
b6564000-b656c000 rw-s 00000000 08:01 29495202   /tmp/hsperfdata_gts/8044
b656c000-b6593000 r-xp 00000000 08:01 11018801   /usr/lib/jvm/java-7-openjdk-i386/jre/lib/i386/libjava.so
b6593000-b6594000 r--p 00026000 08:01 11018801   /usr/lib/jvm/java-7-openjdk-i386/jre/lib/i386/libjava.so
b6594000-b6595000 rw-p 00027000 08:01 11018801   /usr/lib/jvm/java-7-openjdk-i386/jre/lib/i386/libjava.so
b6595000-b659c000 r-xp 00000000 08:01 14418025   /lib/i386-linux-gnu/librt-2.19.so
b659c000-b659d000 r--p 00006000 08:01 14418025   /lib/i386-linux-gnu/librt-2.19.so
b659d000-b659e000 rw-p 00007000 08:01 14418025   /lib/i386-linux-gnu/librt-2.19.so
b659e000-b65a1000 ---p 00000000 00:00 0 
b65a1000-b65ef000 rw-p 00000000 00:00 0          [stack:8046]
b65ef000-b660b000 r-xp 00000000 08:01 14417949   /lib/i386-linux-gnu/libgcc_s.so.1
b660b000-b660c000 rw-p 0001b000 08:01 14417949   /lib/i386-linux-gnu/libgcc_s.so.1
b660c000-b6650000 r-xp 00000000 08:01 14418015   /lib/i386-linux-gnu/libm-2.19.so
b6650000-b6651000 r--p 00043000 08:01 14418015   /lib/i386-linux-gnu/libm-2.19.so
b6651000-b6652000 rw-p 00044000 08:01 14418015   /lib/i386-linux-gnu/libm-2.19.so
b6652000-b672e000 r-xp 00000000 08:01 11015659   /usr/lib/i386-linux-gnu/libstdc++.so.6.0.19
b672e000-b672f000 ---p 000dc000 08:01 11015659   /usr/lib/i386-linux-gnu/libstdc++.so.6.0.19
b672f000-b6733000 r--p 000dc000 08:01 11015659   /usr/lib/i386-linux-gnu/libstdc++.so.6.0.19
b6733000-b6734000 rw-p 000e0000 08:01 11015659   /usr/lib/i386-linux-gnu/libstdc++.so.6.0.19
b6734000-b673b000 rw-p 00000000 00:00 0 
b673b000-b7129000 r-xp 00000000 08:01 11018845   /usr/lib/jvm/java-7-openjdk-i386/jre/lib/i386/server/libjvm.so
b7129000-b712a000 ---p 009ee000 08:01 11018845   /usr/lib/jvm/java-7-openjdk-i386/jre/lib/i386/server/libjvm.so
b712a000-b717c000 r--p 009ee000 08:01 11018845   /usr/lib/jvm/java-7-openjdk-i386/jre/lib/i386/server/libjvm.so
b717c000-b7190000 rw-p 00a40000 08:01 11018845   /usr/lib/jvm/java-7-openjdk-i386/jre/lib/i386/server/libjvm.so
b7190000-b75ae000 rw-p 00000000 00:00 0 
b75ae000-b75c6000 r-xp 00000000 08:01 14419096   /lib/i386-linux-gnu/libz.so.1.2.8
b75c6000-b75c7000 r--p 00017000 08:01 14419096   /lib/i386-linux-gnu/libz.so.1.2.8
b75c7000-b75c8000 rw-p 00018000 08:01 14419096   /lib/i386-linux-gnu/libz.so.1.2.8
b75c8000-b75e0000 r-xp 00000000 08:01 14418020   /lib/i386-linux-gnu/libpthread-2.19.so
b75e0000-b75e1000 r--p 00018000 08:01 14418020   /lib/i386-linux-gnu/libpthread-2.19.so
b75e1000-b75e2000 rw-p 00019000 08:01 14418020   /lib/i386-linux-gnu/libpthread-2.19.so
b75e2000-b75e4000 rw-p 00000000 00:00 0 
b75e4000-b75e7000 r-xp 00000000 08:01 14417940   /lib/i386-linux-gnu/libdl-2.19.so
b75e7000-b75e8000 r--p 00002000 08:01 14417940   /lib/i386-linux-gnu/libdl-2.19.so
b75e8000-b75e9000 rw-p 00003000 08:01 14417940   /lib/i386-linux-gnu/libdl-2.19.so
b75e9000-b7791000 r-xp 00000000 08:01 14417936   /lib/i386-linux-gnu/libc-2.19.so
b7791000-b7793000 r--p 001a8000 08:01 14417936   /lib/i386-linux-gnu/libc-2.19.so
b7793000-b7794000 rw-p 001aa000 08:01 14417936   /lib/i386-linux-gnu/libc-2.19.so
b7794000-b7797000 rw-p 00000000 00:00 0 
b7797000-b7798000 r--s 00002000 08:01 11019257   /usr/lib/jvm/java-7-openjdk-i386/jre/lib/ext/dnsns.jar
b7798000-b779a000 r--s 00006000 08:01 11275776   /usr/share/java/java-atk-wrapper.jar
b779a000-b779b000 r--p 00595000 08:01 11017721   /usr/lib/locale/locale-archive
b779b000-b779c000 rw-p 00000000 00:00 0 
b779c000-b779d000 ---p 00000000 00:00 0 
b779d000-b77ab000 r-xp 00000000 08:01 11018880   /usr/lib/jvm/java-7-openjdk-i386/jre/lib/i386/libverify.so
b77ab000-b77ac000 r--p 0000d000 08:01 11018880   /usr/lib/jvm/java-7-openjdk-i386/jre/lib/i386/libverify.so
b77ac000-b77ad000 rw-p 0000e000 08:01 11018880   /usr/lib/jvm/java-7-openjdk-i386/jre/lib/i386/libverify.so
b77ad000-b77b9000 r-xp 00000000 08:01 11018821   /usr/lib/jvm/java-7-openjdk-i386/jre/lib/i386/jli/libjli.so
b77b9000-b77ba000 r--p 0000c000 08:01 11018821   /usr/lib/jvm/java-7-openjdk-i386/jre/lib/i386/jli/libjli.so
b77ba000-b77bb000 rw-p 0000d000 08:01 11018821   /usr/lib/jvm/java-7-openjdk-i386/jre/lib/i386/jli/libjli.so
b77bb000-b77be000 rw-p 00000000 00:00 0 
b77be000-b77bf000 r-xp 00000000 00:00 0          [vdso]
b77bf000-b77df000 r-xp 00000000 08:01 14417946   /lib/i386-linux-gnu/ld-2.19.so
b77df000-b77e0000 r--p 0001f000 08:01 14417946   /lib/i386-linux-gnu/ld-2.19.so
b77e0000-b77e1000 rw-p 00020000 08:01 14417946   /lib/i386-linux-gnu/ld-2.19.so
bfb27000-bfb28000 rwxp 00000000 00:00 0 
bfb5a000-bfb7b000 rw-p 00000000 00:00 0          [stack]

VM Arguments:
jvm_args: -Xmx1024M -Dfile.encoding=UTF-8 -Duser.country=IN -Duser.language=en -Duser.variant 
java_command: com.android.dx.command.Main --dex --num-threads=4 --output /home/gts/Project/android/projects/GoaAmigo/Traveller/app/build/intermediates/pre-dexed/debug/classes_10d28f9b640e892511f9b266300807427c437dd7.jar /home/gts/Project/android/projects/GoaAmigo/Traveller/app/build/intermediates/transforms/CLASSES_and_RESOURCES/EXTERNAL_LIBRARIES/extractJars/debug/classes.jar-594056675
Launcher Type: SUN_STANDARD

Environment Variables:
PATH=/home/gts/bin:/usr/local/sbin:/usr/local/bin:/home/gts/android-studio/bin:/usr/sbin:/usr/bin:/sbin:/bin:/usr/games:/usr/local/games
LD_LIBRARY_PATH=/home/gts/android-studio/bin:
SHELL=/bin/bash
DISPLAY=:0.0

Signal Handlers:
SIGSEGV: [libjvm.so+0x80cd90], sa_mask[0]=0x7ffbfeff, sa_flags=0x10000004
SIGBUS: [libjvm.so+0x80cd90], sa_mask[0]=0x7ffbfeff, sa_flags=0x10000004
SIGFPE: [libjvm.so+0x684dd0], sa_mask[0]=0x7ffbfeff, sa_flags=0x10000004
SIGPIPE: [libjvm.so+0x684dd0], sa_mask[0]=0x7ffbfeff, sa_flags=0x10000004
SIGXFSZ: [libjvm.so+0x684dd0], sa_mask[0]=0x7ffbfeff, sa_flags=0x10000004
SIGILL: [libjvm.so+0x684dd0], sa_mask[0]=0x7ffbfeff, sa_flags=0x10000004
SIGUSR1: SIG_DFL, sa_mask[0]=0x00000000, sa_flags=0x00000000
SIGUSR2: [libjvm.so+0x684c60], sa_mask[0]=0x00000004, sa_flags=0x10000004
SIGHUP: [libjvm.so+0x684e90], sa_mask[0]=0x7ffbfeff, sa_flags=0x10000004
SIGINT: [libjvm.so+0x684e90], sa_mask[0]=0x7ffbfeff, sa_flags=0x10000004
SIGTERM: [libjvm.so+0x684e90], sa_mask[0]=0x7ffbfeff, sa_flags=0x10000004
SIGQUIT: [libjvm.so+0x684e90], sa_mask[0]=0x7ffbfeff, sa_flags=0x10000004
SIGTRAP: SIG_DFL, sa_mask[0]=0x00000000, sa_flags=0x00000000


---------------  S Y S T E M  ---------------

OS:Ubuntu 14.04 (trusty)
uname:Linux 3.13.0-53-generic #89-Ubuntu SMP Wed May 20 10:34:28 UTC 2015 i686
libc:glibc 2.19 NPTL 2.19 
rlimit: STACK 8192k, CORE 0k, NPROC 31139, NOFILE 4096, AS infinity
load average:11.27 3.56 1.57

/proc/meminfo:
MemTotal:        4005148 kB
MemFree:          255896 kB
Buffers:           19780 kB
Cached:           141780 kB
SwapCached:            0 kB
Active:          3538384 kB
Inactive:         119220 kB
Active(anon):    3498324 kB
Inactive(anon):    80732 kB
Active(file):      40060 kB
Inactive(file):    38488 kB
Unevictable:          32 kB
Mlocked:              32 kB
HighTotal:       3150372 kB
HighFree:          77004 kB
LowTotal:         854776 kB
LowFree:          178892 kB
SwapTotal:             0 kB
SwapFree:              0 kB
Dirty:               108 kB
Writeback:             0 kB
AnonPages:       3496080 kB
Mapped:            82320 kB
Shmem:             82928 kB
Slab:              53660 kB
SReclaimable:      33920 kB
SUnreclaim:        19740 kB
KernelStack:        4328 kB
PageTables:        14640 kB
NFS_Unstable:          0 kB
Bounce:                0 kB
WritebackTmp:          0 kB
CommitLimit:     2002572 kB
Committed_AS:    6008916 kB
VmallocTotal:     122880 kB
VmallocUsed:       13740 kB
VmallocChunk:     103432 kB
HardwareCorrupted:     0 kB
AnonHugePages:   2330624 kB
HugePages_Total:       0
HugePages_Free:        0
HugePages_Rsvd:        0
HugePages_Surp:        0
Hugepagesize:       2048 kB
DirectMap4k:       38904 kB
DirectMap2M:      874496 kB


CPU:total 4 (2 cores per cpu, 2 threads per core) family 6 model 60 stepping 3, cmov, cx8, fxsr, mmx, sse, sse2, sse3, ssse3, sse4.1, sse4.2, popcnt, avx, avx2, aes, erms, ht, tsc, tscinvbit

/proc/cpuinfo:
processor	: 0
vendor_id	: GenuineIntel
cpu family	: 6
model		: 60
model name	: Intel(R) Core(TM) i3-4150 CPU @ 3.50GHz
stepping	: 3
microcode	: 0x17
cpu MHz		: 3500.000
cache size	: 3072 KB
physical id	: 0
siblings	: 4
core id		: 0
cpu cores	: 2
apicid		: 0
initial apicid	: 0
fdiv_bug	: no
f00f_bug	: no
coma_bug	: no
fpu		: yes
fpu_exception	: yes
cpuid level	: 13
wp		: yes
flags		: fpu vme de pse tsc msr pae mce cx8 apic sep mtrr pge mca cmov pat pse36 clflush dts acpi mmx fxsr sse sse2 ss ht tm pbe nx pdpe1gb rdtscp lm constant_tsc arch_perfmon pebs bts xtopology nonstop_tsc aperfmperf eagerfpu pni pclmulqdq dtes64 monitor ds_cpl vmx est tm2 ssse3 fma cx16 xtpr pdcm pcid sse4_1 sse4_2 movbe popcnt tsc_deadline_timer aes xsave avx f16c rdrand lahf_lm abm arat epb xsaveopt pln pts dtherm tpr_shadow vnmi flexpriority ept vpid fsgsbase tsc_adjust bmi1 avx2 smep bmi2 erms invpcid
bogomips	: 6983.93
clflush size	: 64
cache_alignment	: 64
address sizes	: 39 bits physical, 48 bits virtual
power management:

processor	: 1
vendor_id	: GenuineIntel
cpu family	: 6
model		: 60
model name	: Intel(R) Core(TM) i3-4150 CPU @ 3.50GHz
stepping	: 3
microcode	: 0x17
cpu MHz		: 3500.000
cache size	: 3072 KB
physical id	: 0
siblings	: 4
core id		: 1
cpu cores	: 2
apicid		: 2
initial apicid	: 2
fdiv_bug	: no
f00f_bug	: no
coma_bug	: no
fpu		: yes
fpu_exception	: yes
cpuid level	: 13
wp		: yes
flags		: fpu vme de pse tsc msr pae mce cx8 apic sep mtrr pge mca cmov pat pse36 clflush dts acpi mmx fxsr sse sse2 ss ht tm pbe nx pdpe1gb rdtscp lm constant_tsc arch_perfmon pebs bts xtopology nonstop_tsc aperfmperf eagerfpu pni pclmulqdq dtes64 monitor ds_cpl vmx est tm2 ssse3 fma cx16 xtpr pdcm pcid sse4_1 sse4_2 movbe popcnt tsc_deadline_timer aes xsave avx f16c rdrand lahf_lm abm arat epb xsaveopt pln pts dtherm tpr_shadow vnmi flexpriority ept vpid fsgsbase tsc_adjust bmi1 avx2 smep bmi2 erms invpcid
bogomips	: 6983.93
clflush size	: 64
cache_alignment	: 64
address sizes	: 39 bits physical, 48 bits virtual
power management:

processor	: 2
vendor_id	: GenuineIntel
cpu family	: 6
model		: 60
model name	: Intel(R) Core(TM) i3-4150 CPU @ 3.50GHz
stepping	: 3
microcode	: 0x17
cpu MHz		: 3500.000
cache size	: 3072 KB
physical id	: 0
siblings	: 4
core id		: 0
cpu cores	: 2
apicid		: 1
initial apicid	: 1
fdiv_bug	: no
f00f_bug	: no
coma_bug	: no
fpu		: yes
fpu_exception	: yes
cpuid level	: 13
wp		: yes
flags		: fpu vme de pse tsc msr pae mce cx8 apic sep mtrr pge mca cmov pat pse36 clflush dts acpi mmx fxsr sse sse2 ss ht tm pbe nx pdpe1gb rdtscp lm constant_tsc arch_perfmon pebs bts xtopology nonstop_tsc aperfmperf eagerfpu pni pclmulqdq dtes64 monitor ds_cpl vmx est tm2 ssse3 fma cx16 xtpr pdcm pcid sse4_1 sse4_2 movbe popcnt tsc_deadline_timer aes xsave avx f16c rdrand lahf_lm abm arat epb xsaveopt pln pts dtherm tpr_shadow vnmi flexpriority ept vpid fsgsbase tsc_adjust bmi1 avx2 smep bmi2 erms invpcid
bogomips	: 6983.93
clflush size	: 64
cache_alignment	: 64
address sizes	: 39 bits physical, 48 bits virtual
power management:

processor	: 3
vendor_id	: GenuineIntel
cpu family	: 6
model		: 60
model name	: Intel(R) Core(TM) i3-4150 CPU @ 3.50GHz
stepping	: 3
microcode	: 0x17
cpu MHz		: 3500.000
cache size	: 3072 KB
physical id	: 0
siblings	: 4
core id		: 1
cpu cores	: 2
apicid		: 3
initial apicid	: 3
fdiv_bug	: no
f00f_bug	: no
coma_bug	: no
fpu		: yes
fpu_exception	: yes
cpuid level	: 13
wp		: yes
flags		: fpu vme de pse tsc msr pae mce cx8 apic sep mtrr pge mca cmov pat pse36 clflush dts acpi mmx fxsr sse sse2 ss ht tm pbe nx pdpe1gb rdtscp lm constant_tsc arch_perfmon pebs bts xtopology nonstop_tsc aperfmperf eagerfpu pni pclmulqdq dtes64 monitor ds_cpl vmx est tm2 ssse3 fma cx16 xtpr pdcm pcid sse4_1 sse4_2 movbe popcnt tsc_deadline_timer aes xsave avx f16c rdrand lahf_lm abm arat epb xsaveopt pln pts dtherm tpr_shadow vnmi flexpriority ept vpid fsgsbase tsc_adjust bmi1 avx2 smep bmi2 erms invpcid
bogomips	: 6983.93
clflush size	: 64
cache_alignment	: 64
address sizes	: 39 bits physical, 48 bits virtual
power management:



Memory: 4k page, physical 4005148k(255896k free), swap 0k(0k free)

vm_info: OpenJDK Server VM (24.79-b02) for linux-x86 JRE (1.7.0_79-b14), built on Apr 16 2015 08:24:42 by "buildd" with gcc 4.8.2

time: Wed Nov  4 15:27:56 2015
elapsed time: 11 seconds

