#
# There is insufficient memory for the Java Runtime Environment to continue.
# Native memory allocation (malloc) failed to allocate 146800640 bytes for committing reserved memory.
# Possible reasons:
#   The system is out of physical RAM or swap space
#   In 32 bit mode, the process size limit was hit
# Possible solutions:
#   Reduce memory load on the system
#   Increase physical memory or swap space
#   Check if swap backing store is full
#   Use 64 bit Java on a 64 bit OS
#   Decrease Java heap size (-Xmx/-Xms)
#   Decrease number of Java threads
#   Decrease Java thread stack sizes (-Xss)
#   Set larger code cache with -XX:ReservedCodeCacheSize=
# This output file may be truncated or incomplete.
#
#  Out of Memory Error (os_linux.cpp:2809), pid=13058, tid=1742531392
#
# JRE version: OpenJDK Runtime Environment (7.0_79-b14) (build 1.7.0_79-b14)
# Java VM: OpenJDK Server VM (24.79-b02 mixed mode linux-x86 )
# Derivative: IcedTea 2.5.5
# Distribution: Ubuntu 14.04 LTS, package 7u79-2.5.5-0ubuntu0.14.04.2
# Failed to write core dump. Core dumps have been disabled. To enable core dumping, try "ulimit -c unlimited" before starting Java again
#

---------------  T H R E A D  ---------------

Current thread (0x67c80400):  VMThread [stack: 0x67d4e000,0x67dcf000] [id=13067]

Stack: [0x67d4e000,0x67dcf000]
VM_Operation (0x6735ca28): ParallelGCFailedAllocation, mode: safepoint, requested by thread 0x67420400


---------------  P R O C E S S  ---------------

Java Threads: ( => current thread )
  0x67422800 JavaThread "pool-1-thread-4" [_thread_blocked, id=13079, stack(0x6726b000,0x672bc000)]
  0x67421000 JavaThread "pool-1-thread-3" [_thread_blocked, id=13078, stack(0x672bc000,0x6730d000)]
  0x67420400 JavaThread "pool-1-thread-2" [_thread_blocked, id=13077, stack(0x6730d000,0x6735e000)]
  0x6741ec00 JavaThread "pool-2-thread-1" [_thread_blocked, id=13076, stack(0x6735e000,0x673af000)]
  0x6741d400 JavaThread "pool-1-thread-1" [_thread_blocked, id=13075, stack(0x673af000,0x67400000)]
  0x67c9c800 JavaThread "Service Thread" daemon [_thread_blocked, id=13073, stack(0x675ad000,0x675fe000)]
  0x67c9ac00 JavaThread "C2 CompilerThread1" daemon [_thread_blocked, id=13072, stack(0x675fe000,0x6767f000)]
  0x67c98c00 JavaThread "C2 CompilerThread0" daemon [_thread_in_native, id=13071, stack(0x6767f000,0x67700000)]
  0x67c97000 JavaThread "Signal Dispatcher" daemon [_thread_blocked, id=13070, stack(0x67b0d000,0x67b5e000)]
  0x67c84800 JavaThread "Finalizer" daemon [_thread_blocked, id=13069, stack(0x67b5e000,0x67baf000)]
  0x67c83000 JavaThread "Reference Handler" daemon [_thread_blocked, id=13068, stack(0x67baf000,0x67c00000)]
  0xb6407c00 JavaThread "main" [_thread_blocked, id=13060, stack(0xb6572000,0xb65c3000)]

Other Threads:
=>0x67c80400 VMThread [stack: 0x67d4e000,0x67dcf000] [id=13067]
  0x67c9e400 WatcherThread [stack: 0x6752c000,0x675ad000] [id=13074]

VM state:at safepoint (normal execution)

VM Mutex/Monitor currently owned by a thread:  ([mutex/lock_event])
[0xb6405290] Threads_lock - owner thread: 0x67c80400
[0xb64056a0] Heap_lock - owner thread: 0x67420400

Heap
 PSYoungGen      total 140288K, used 15352K [0x9dd80000, 0xa7780000, 0xb3300000)
  eden space 124928K, 0% used [0x9dd80000,0x9dd80000,0xa5780000)
  from space 15360K, 99% used [0xa5780000,0xa667e090,0xa6680000)
  to   space 13312K, 0% used [0xa6680000,0xa6680000,0xa7380000)
 ParOldGen       total 41728K, used 38240K [0x73300000, 0x75bc0000, 0x9dd80000)
  object space 41728K, 91% used [0x73300000,0x758582a8,0x75bc0000)
 PSPermGen       total 16384K, used 3914K [0x6b300000, 0x6c300000, 0x73300000)
  object space 16384K, 23% used [0x6b300000,0x6b6d28a0,0x6c300000)

Card table byte_map: [0x6b0bf000,0x6b300000] byte_map_base: 0x6ad65800

Polling page: 0xb7770000

Code Cache  [0xb33e7000, 0xb3627000, 0xb63e7000)
 total_blobs=444 nmethods=325 adapters=72 free_code_cache=47831Kb largest_free_block=48957952

Compilation events (10 events):
Event: 11.546 Thread 0x67c9ac00 nmethod 321 0xb34f6608 code [0xb34f6700, 0xb34f6770]
Event: 11.546 Thread 0x67c9ac00  322             com.android.dx.ssa.SsaMethod::blockIndexToRopLabel (21 bytes)
Event: 11.547 Thread 0x67c9ac00 nmethod 322 0xb34f62c8 code [0xb34f63c0, 0xb34f64b0]
Event: 11.547 Thread 0x67c9ac00  323             com.android.dx.rop.code.RopMethod::labelToPredecessors (54 bytes)
Event: 11.547 Thread 0x67c9ac00 nmethod 323 0xb34f6008 code [0xb34f6100, 0xb34f61bc]
Event: 11.547 Thread 0x67c9ac00  324             com.android.dx.cf.attrib.BaseAttribute::getName (5 bytes)
Event: 11.548 Thread 0x67c9ac00 nmethod 324 0xb34f9008 code [0xb34f90e0, 0xb34f9130]
Event: 11.548 Thread 0x67c9ac00  325             com.android.dx.rop.type.Type::getBasicFrameType (60 bytes)
Event: 11.548 Thread 0x67c9ac00 nmethod 325 0xb34f5e88 code [0xb34f5f60, 0xb34f5fd0]
Event: 11.548 Thread 0x67c9ac00  326             com.android.dx.dex.code.RopTranslator::pickOrder (400 bytes)

GC Heap History (10 events):
Event: 2.230 GC heap after
Heap after GC invocations=2 (full 0):
 PSYoungGen      total 34304K, used 2548K [0x9dd80000, 0xa0180000, 0xb3300000)
  eden space 31744K, 0% used [0x9dd80000,0x9dd80000,0x9fc80000)
  from space 2560K, 99% used [0x9ff00000,0xa017d1a0,0xa0180000)
  to   space 2560K, 0% used [0x9fc80000,0x9fc80000,0x9ff00000)
 ParOldGen       total 41728K, used 3087K [0x73300000, 0x75bc0000, 0x9dd80000)
  object space 41728K, 7% used [0x73300000,0x73603f70,0x75bc0000)
 PSPermGen       total 16384K, used 3759K [0x6b300000, 0x6c300000, 0x73300000)
  object space 16384K, 22% used [0x6b300000,0x6b6abc30,0x6c300000)
}
Event: 3.403 GC heap before
{Heap before GC invocations=3 (full 0):
 PSYoungGen      total 34304K, used 34292K [0x9dd80000, 0xa0180000, 0xb3300000)
  eden space 31744K, 100% used [0x9dd80000,0x9fc80000,0x9fc80000)
  from space 2560K, 99% used [0x9ff00000,0xa017d1a0,0xa0180000)
  to   space 2560K, 0% used [0x9fc80000,0x9fc80000,0x9ff00000)
 ParOldGen       total 41728K, used 3087K [0x73300000, 0x75bc0000, 0x9dd80000)
  object space 41728K, 7% used [0x73300000,0x73603f70,0x75bc0000)
 PSPermGen       total 16384K, used 3802K [0x6b300000, 0x6c300000, 0x73300000)
  object space 16384K, 23% used [0x6b300000,0x6b6b6ba8,0x6c300000)
Event: 3.430 GC heap after
Heap after GC invocations=3 (full 0):
 PSYoungGen      total 34304K, used 2556K [0x9dd80000, 0xa2080000, 0xb3300000)
  eden space 31744K, 0% used [0x9dd80000,0x9dd80000,0x9fc80000)
  from space 2560K, 99% used [0x9fc80000,0x9feff180,0x9ff00000)
  to   space 2560K, 0% used [0xa1e00000,0xa1e00000,0xa2080000)
 ParOldGen       total 41728K, used 8252K [0x73300000, 0x75bc0000, 0x9dd80000)
  object space 41728K, 19% used [0x73300000,0x73b0f2c8,0x75bc0000)
 PSPermGen       total 16384K, used 3802K [0x6b300000, 0x6c300000, 0x73300000)
  object space 16384K, 23% used [0x6b300000,0x6b6b6ba8,0x6c300000)
}
Event: 4.573 GC heap before
{Heap before GC invocations=4 (full 0):
 PSYoungGen      total 34304K, used 34300K [0x9dd80000, 0xa2080000, 0xb3300000)
  eden space 31744K, 100% used [0x9dd80000,0x9fc80000,0x9fc80000)
  from space 2560K, 99% used [0x9fc80000,0x9feff180,0x9ff00000)
  to   space 2560K, 0% used [0xa1e00000,0xa1e00000,0xa2080000)
 ParOldGen       total 41728K, used 8252K [0x73300000, 0x75bc0000, 0x9dd80000)
  object space 41728K, 19% used [0x73300000,0x73b0f2c8,0x75bc0000)
 PSPermGen       total 16384K, used 3823K [0x6b300000, 0x6c300000, 0x73300000)
  object space 16384K, 23% used [0x6b300000,0x6b6bbc58,0x6c300000)
Event: 4.606 GC heap after
Heap after GC invocations=4 (full 0):
 PSYoungGen      total 66048K, used 2559K [0x9dd80000, 0xa2080000, 0xb3300000)
  eden space 63488K, 0% used [0x9dd80000,0x9dd80000,0xa1b80000)
  from space 2560K, 99% used [0xa1e00000,0xa207fdb0,0xa2080000)
  to   space 2560K, 0% used [0xa1b80000,0xa1b80000,0xa1e00000)
 ParOldGen       total 41728K, used 12694K [0x73300000, 0x75bc0000, 0x9dd80000)
  object space 41728K, 30% used [0x73300000,0x73f65b28,0x75bc0000)
 PSPermGen       total 16384K, used 3823K [0x6b300000, 0x6c300000, 0x73300000)
  object space 16384K, 23% used [0x6b300000,0x6b6bbc58,0x6c300000)
}
Event: 6.456 GC heap before
{Heap before GC invocations=5 (full 0):
 PSYoungGen      total 66048K, used 66047K [0x9dd80000, 0xa2080000, 0xb3300000)
  eden space 63488K, 100% used [0x9dd80000,0xa1b80000,0xa1b80000)
  from space 2560K, 99% used [0xa1e00000,0xa207fdb0,0xa2080000)
  to   space 2560K, 0% used [0xa1b80000,0xa1b80000,0xa1e00000)
 ParOldGen       total 41728K, used 12694K [0x73300000, 0x75bc0000, 0x9dd80000)
  object space 41728K, 30% used [0x73300000,0x73f65b28,0x75bc0000)
 PSPermGen       total 16384K, used 3853K [0x6b300000, 0x6c300000, 0x73300000)
  object space 16384K, 23% used [0x6b300000,0x6b6c34c0,0x6c300000)
Event: 6.523 GC heap after
Heap after GC invocations=5 (full 0):
 PSYoungGen      total 66048K, used 2557K [0x9dd80000, 0xa7380000, 0xb3300000)
  eden space 63488K, 0% used [0x9dd80000,0x9dd80000,0xa1b80000)
  from space 2560K, 99% used [0xa1b80000,0xa1dff708,0xa1e00000)
  to   space 13312K, 0% used [0xa6680000,0xa6680000,0xa7380000)
 ParOldGen       total 41728K, used 23245K [0x73300000, 0x75bc0000, 0x9dd80000)
  object space 41728K, 55% used [0x73300000,0x749b3570,0x75bc0000)
 PSPermGen       total 16384K, used 3853K [0x6b300000, 0x6c300000, 0x73300000)
  object space 16384K, 23% used [0x6b300000,0x6b6c34c0,0x6c300000)
}
Event: 8.330 GC heap before
{Heap before GC invocations=6 (full 0):
 PSYoungGen      total 66048K, used 66045K [0x9dd80000, 0xa7380000, 0xb3300000)
  eden space 63488K, 100% used [0x9dd80000,0xa1b80000,0xa1b80000)
  from space 2560K, 99% used [0xa1b80000,0xa1dff708,0xa1e00000)
  to   space 13312K, 0% used [0xa6680000,0xa6680000,0xa7380000)
 ParOldGen       total 41728K, used 23245K [0x73300000, 0x75bc0000, 0x9dd80000)
  object space 41728K, 55% used [0x73300000,0x749b3570,0x75bc0000)
 PSPermGen       total 16384K, used 3867K [0x6b300000, 0x6c300000, 0x73300000)
  object space 16384K, 23% used [0x6b300000,0x6b6c6e90,0x6c300000)
Event: 8.402 GC heap after
Heap after GC invocations=6 (full 0):
 PSYoungGen      total 138240K, used 12575K [0x9dd80000, 0xa7780000, 0xb3300000)
  eden space 124928K, 0% used [0x9dd80000,0x9dd80000,0xa5780000)
  from space 13312K, 94% used [0xa6680000,0xa72c7c98,0xa7380000)
  to   space 15360K, 0% used [0xa5780000,0xa5780000,0xa6680000)
 ParOldGen       total 41728K, used 23245K [0x73300000, 0x75bc0000, 0x9dd80000)
  object space 41728K, 55% used [0x73300000,0x749b3570,0x75bc0000)
 PSPermGen       total 16384K, used 3867K [0x6b300000, 0x6c300000, 0x73300000)
  object space 16384K, 23% used [0x6b300000,0x6b6c6e90,0x6c300000)
}
Event: 11.682 GC heap before
{Heap before GC invocations=7 (full 0):
 PSYoungGen      total 138240K, used 137503K [0x9dd80000, 0xa7780000, 0xb3300000)
  eden space 124928K, 100% used [0x9dd80000,0xa5780000,0xa5780000)
  from space 13312K, 94% used [0xa6680000,0xa72c7c98,0xa7380000)
  to   space 15360K, 0% used [0xa5780000,0xa5780000,0xa6680000)
 ParOldGen       total 41728K, used 23245K [0x73300000, 0x75bc0000, 0x9dd80000)
  object space 41728K, 55% used [0x73300000,0x749b3570,0x75bc0000)
 PSPermGen       total 16384K, used 3914K [0x6b300000, 0x6c300000, 0x73300000)
  object space 16384K, 23% used [0x6b300000,0x6b6d28a0,0x6c300000)

Deoptimization events (9 events):
Event: 1.723 Thread 0x6741d400 Uncommon trap: reason=unreached action=reinterpret pc=0xb3450494 method=com.android.dx.rop.cst.Constant.compareTo(Lcom/android/dx/rop/cst/Constant;)I @ 12
Event: 2.787 Thread 0xb6407c00 Uncommon trap: reason=null_check action=make_not_entrant pc=0xb346d024 method=com.android.dx.rop.type.Type.putIntern(Lcom/android/dx/rop/type/Type;)Lcom/android/dx/rop/type/Type; @ 18
Event: 3.901 Thread 0x6741d400 Uncommon trap: reason=unreached action=reinterpret pc=0xb348359c method=com.android.dx.ssa.LocalVariableExtractor.processBlock(I)V @ 251
Event: 4.467 Thread 0x6741d400 Uncommon trap: reason=null_check action=make_not_entrant pc=0xb3456894 method=com.android.dx.rop.type.Type.equals(Ljava/lang/Object;)Z @ 8
Event: 5.211 Thread 0x67421000 Uncommon trap: reason=null_check action=make_not_entrant pc=0xb348a174 method=com.android.dx.ssa.SsaRenamer.getLocalForNewReg(I)Lcom/android/dx/rop/code/LocalItem; @ 19
Event: 5.891 Thread 0x67422800 Uncommon trap: reason=unreached action=reinterpret pc=0xb349ad7c method=com.android.dx.ssa.SsaMethod.updateOneDefinition(Lcom/android/dx/ssa/SsaInsn;Lcom/android/dx/rop/code/RegisterSpec;)V @ 4
Event: 8.932 Thread 0x67420400 Uncommon trap: reason=unreached action=reinterpret pc=0xb34981f4 method=com.android.dx.rop.code.LocalItem.compareHandlesNulls(Lcom/android/dx/rop/cst/CstString;Lcom/android/dx/rop/cst/CstString;)I @ 14
Event: 11.073 Thread 0x6741d400 Uncommon trap: reason=class_check action=maybe_recompile pc=0xb350219c method=com.android.dx.ssa.SCCP.replaceConstants()V @ 127
Event: 11.289 Thread 0x6741d400 Uncommon trap: reason=class_check action=maybe_recompile pc=0xb350219c method=com.android.dx.ssa.SCCP.replaceConstants()V @ 127

Internal exceptions (10 events):
Event: 1.841 Thread 0x67422800 Threw 0x9e52d498 at /build/buildd/openjdk-7-7u79-2.5.5/build/openjdk/hotspot/src/share/vm/prims/jvm.cpp:1284
Event: 2.291 Thread 0xb6407c00 Threw 0x9e057748 at /build/buildd/openjdk-7-7u79-2.5.5/build/openjdk/hotspot/src/share/vm/prims/jvm.cpp:1284
Event: 2.787 Thread 0xb6407c00 Implicit null exception at 0xb346ca26 to 0xb346d015
Event: 4.315 Thread 0x67422800 Threw 0x9f618b50 at /build/buildd/openjdk-7-7u79-2.5.5/build/openjdk/hotspot/src/share/vm/prims/jvm.cpp:1284
Event: 4.467 Thread 0x6741d400 Implicit null exception at 0xb34567ab to 0xb3456885
Event: 5.017 Thread 0xb6407c00 Threw 0x9e988218 at /build/buildd/openjdk-7-7u79-2.5.5/build/openjdk/hotspot/src/share/vm/prims/jvm.cpp:1284
Event: 5.211 Thread 0x67421000 Implicit null exception at 0xb3488711 to 0xb348a165
Event: 5.890 Thread 0x67422800 Threw 0xa07fcaf8 at /build/buildd/openjdk-7-7u79-2.5.5/build/openjdk/hotspot/src/share/vm/prims/jvm.cpp:1284
Event: 6.032 Thread 0xb6407c00 Threw 0xa0cda720 at /build/buildd/openjdk-7-7u79-2.5.5/build/openjdk/hotspot/src/share/vm/prims/jvm.cpp:1284
Event: 8.932 Thread 0x67420400 Implicit null exception at 0xb3498099 to 0xb34981e1

Events (10 events):
Event: 8.932 Thread 0x67420400 DEOPT PACKING pc=0xb34981f4 sp=0x6735ca50
Event: 8.932 Thread 0x67420400 DEOPT UNPACKING pc=0xb3413bc8 sp=0x6735ca34 mode 2
Event: 10.592 Thread 0x67c98c00 flushing nmethod 0xb346c3c8
Event: 11.073 Thread 0x6741d400 Uncommon trap: trap_request=0xffffffde fr.pc=0xb350219c
Event: 11.073 Thread 0x6741d400 DEOPT PACKING pc=0xb350219c sp=0x673febd0
Event: 11.073 Thread 0x6741d400 DEOPT UNPACKING pc=0xb3413bc8 sp=0x673febac mode 2
Event: 11.289 Thread 0x6741d400 Uncommon trap: trap_request=0xffffffde fr.pc=0xb350219c
Event: 11.289 Thread 0x6741d400 DEOPT PACKING pc=0xb350219c sp=0x673febd0
Event: 11.289 Thread 0x6741d400 DEOPT UNPACKING pc=0xb3413bc8 sp=0x673febac mode 2
Event: 11.664 Executing VM operation: ParallelGCFailedAllocation


Dynamic libraries:
08048000-08049000 r-xp 00000000 08:01 11018699   /usr/lib/jvm/java-7-openjdk-i386/jre/bin/java
08049000-0804a000 r--p 00000000 08:01 11018699   /usr/lib/jvm/java-7-openjdk-i386/jre/bin/java
0804a000-0804b000 rw-p 00001000 08:01 11018699   /usr/lib/jvm/java-7-openjdk-i386/jre/bin/java
08461000-0849a000 rw-p 00000000 00:00 0          [heap]
65500000-655fc000 rw-p 00000000 00:00 0 
655fc000-65600000 ---p 00000000 00:00 0 
65700000-657c6000 rw-p 00000000 00:00 0 
657c6000-65800000 ---p 00000000 00:00 0 
65800000-658e4000 rw-p 00000000 00:00 0 
658e4000-65900000 ---p 00000000 00:00 0 
65900000-659fd000 rw-p 00000000 00:00 0 
659fd000-65a00000 ---p 00000000 00:00 0 
65a00000-65aae000 rw-p 00000000 00:00 0 
65aae000-65b00000 ---p 00000000 00:00 0 
65b00000-65bf1000 rw-p 00000000 00:00 0 
65bf1000-65c00000 ---p 00000000 00:00 0 
65c00000-65cf1000 rw-p 00000000 00:00 0 
65cf1000-65d00000 ---p 00000000 00:00 0 
65d00000-65df8000 rw-p 00000000 00:00 0 
65df8000-65e00000 ---p 00000000 00:00 0 
65e00000-65ef9000 rw-p 00000000 00:00 0 
65ef9000-65f00000 ---p 00000000 00:00 0 
65f00000-65ff8000 rw-p 00000000 00:00 0 
65ff8000-66000000 ---p 00000000 00:00 0 
66100000-661fa000 rw-p 00000000 00:00 0 
661fa000-66200000 ---p 00000000 00:00 0 
66200000-662f8000 rw-p 00000000 00:00 0 
662f8000-66300000 ---p 00000000 00:00 0 
66300000-663f8000 rw-p 00000000 00:00 0 
663f8000-66400000 ---p 00000000 00:00 0 
66438000-66500000 rw-p 00000000 00:00 0 
66500000-665e2000 rw-p 00000000 00:00 0 
665e2000-66600000 ---p 00000000 00:00 0 
66600000-666ea000 rw-p 00000000 00:00 0 
666ea000-66700000 ---p 00000000 00:00 0 
66700000-667e8000 rw-p 00000000 00:00 0 
667e8000-66800000 ---p 00000000 00:00 0 
66800000-66900000 rw-p 00000000 00:00 0 
66900000-669e8000 rw-p 00000000 00:00 0 
669e8000-66a00000 ---p 00000000 00:00 0 
66a00000-66af0000 rw-p 00000000 00:00 0 
66af0000-66b00000 ---p 00000000 00:00 0 
66b00000-66bff000 rw-p 00000000 00:00 0 
66bff000-66c00000 ---p 00000000 00:00 0 
66c00000-66ce3000 rw-p 00000000 00:00 0 
66ce3000-66d00000 ---p 00000000 00:00 0 
66d00000-66dd3000 rw-p 00000000 00:00 0 
66dd3000-66e00000 ---p 00000000 00:00 0 
66e00000-66eff000 rw-p 00000000 00:00 0 
66eff000-66f00000 ---p 00000000 00:00 0 
66f00000-66ffd000 rw-p 00000000 00:00 0 
66ffd000-67000000 ---p 00000000 00:00 0 
67000000-670c3000 rw-p 00000000 00:00 0 
670c3000-67100000 ---p 00000000 00:00 0 
67100000-671f3000 rw-p 00000000 00:00 0 
671f3000-67200000 ---p 00000000 00:00 0 
6726b000-6726e000 ---p 00000000 00:00 0 
6726e000-672bc000 rw-p 00000000 00:00 0          [stack:13079]
672bc000-672bf000 ---p 00000000 00:00 0 
672bf000-6730d000 rw-p 00000000 00:00 0          [stack:13078]
6730d000-67310000 ---p 00000000 00:00 0 
67310000-6735e000 rw-p 00000000 00:00 0          [stack:13077]
6735e000-67361000 ---p 00000000 00:00 0 
67361000-673af000 rw-p 00000000 00:00 0          [stack:13076]
673af000-673b2000 ---p 00000000 00:00 0 
673b2000-67400000 rw-p 00000000 00:00 0          [stack:13075]
67400000-67451000 rw-p 00000000 00:00 0 
67451000-67500000 ---p 00000000 00:00 0 
6752c000-6752d000 ---p 00000000 00:00 0 
6752d000-675ad000 rw-p 00000000 00:00 0          [stack:13074]
675ad000-675b0000 ---p 00000000 00:00 0 
675b0000-675fe000 rw-p 00000000 00:00 0          [stack:13073]
675fe000-67601000 ---p 00000000 00:00 0 
67601000-6767f000 rw-p 00000000 00:00 0          [stack:13072]
6767f000-67682000 ---p 00000000 00:00 0 
67682000-67700000 rw-p 00000000 00:00 0          [stack:13071]
67700000-67900000 r--p 00000000 08:01 11017721   /usr/lib/locale/locale-archive
67900000-67921000 rw-p 00000000 00:00 0 
67921000-67a00000 ---p 00000000 00:00 0 
67a00000-67af2000 rw-p 00000000 00:00 0 
67af2000-67b00000 ---p 00000000 00:00 0 
67b0d000-67b10000 ---p 00000000 00:00 0 
67b10000-67b5e000 rw-p 00000000 00:00 0          [stack:13070]
67b5e000-67b61000 ---p 00000000 00:00 0 
67b61000-67baf000 rw-p 00000000 00:00 0          [stack:13069]
67baf000-67bb2000 ---p 00000000 00:00 0 
67bb2000-67c00000 rw-p 00000000 00:00 0          [stack:13068]
67c00000-67d00000 rw-p 00000000 00:00 0 
67d0f000-67d4e000 r--p 00277000 08:01 11017721   /usr/lib/locale/locale-archive
67d4e000-67d4f000 ---p 00000000 00:00 0 
67d4f000-67dcf000 rw-p 00000000 00:00 0          [stack:13067]
67dcf000-67f80000 r--s 01d27000 08:01 11019249   /usr/lib/jvm/java-7-openjdk-i386/jre/lib/rt.jar
67f80000-6a800000 rw-p 00000000 00:00 0 
6a800000-6a8fd000 rw-p 00000000 00:00 0 
6a8fd000-6a900000 ---p 00000000 00:00 0 
6a936000-6a97f000 rw-p 00000000 00:00 0 
6a97f000-6a980000 ---p 00000000 00:00 0 
6a980000-6aa00000 rw-p 00000000 00:00 0          [stack:13066]
6aa00000-6aa21000 rw-p 00000000 00:00 0 
6aa21000-6ab00000 ---p 00000000 00:00 0 
6ab00000-6ab21000 rw-p 00000000 00:00 0 
6ab21000-6ac00000 ---p 00000000 00:00 0 
6ac24000-6ac7f000 rw-p 00000000 00:00 0 
6ac7f000-6ac80000 ---p 00000000 00:00 0 
6ac80000-6ad00000 rw-p 00000000 00:00 0          [stack:13065]
6ad00000-6ad2c000 rw-p 00000000 00:00 0 
6ad2c000-6ae00000 ---p 00000000 00:00 0 
6ae18000-6ae27000 r--s 000df000 08:01 26749506   /home/gts/Android/Sdk/build-tools/23.0.1/lib/dx.jar
6ae27000-6ae28000 ---p 00000000 00:00 0 
6ae28000-6aea8000 rw-p 00000000 00:00 0          [stack:13064]
6aea8000-6aea9000 ---p 00000000 00:00 0 
6aea9000-6af31000 rw-p 00000000 00:00 0          [stack:13062]
6af31000-6af69000 rw-p 00000000 00:00 0 
6af69000-6af7e000 rw-p 00000000 00:00 0 
6af7e000-6b0bf000 rw-p 00000000 00:00 0 
6b0bf000-6b0c7000 rw-p 00000000 00:00 0 
6b0c7000-6b0ff000 rw-p 00000000 00:00 0 
6b0ff000-6b114000 rw-p 00000000 00:00 0 
6b114000-6b254000 rw-p 00000000 00:00 0 
6b254000-6b2a2000 rw-p 00000000 00:00 0 
6b2a2000-6b2ff000 rw-p 00000000 00:00 0 
6b2ff000-6c300000 rw-p 00000000 00:00 0 
6c300000-73300000 rw-p 00000000 00:00 0 
73300000-75bc0000 rw-p 00000000 00:00 0 
75bc0000-9dd80000 rw-p 00000000 00:00 0 
9dd80000-a7780000 rw-p 00000000 00:00 0 
b02d2000-b0380000 rw-p 00000000 00:00 0 
b0380000-b3300000 rw-p 00000000 00:00 0 
b3307000-b3309000 r--s 00012000 08:01 11019258   /usr/lib/jvm/java-7-openjdk-i386/jre/lib/ext/zipfs.jar
b3309000-b330c000 r--s 00086000 08:01 11019255   /usr/lib/jvm/java-7-openjdk-i386/jre/lib/ext/localedata.jar
b330c000-b3330000 rw-p 00000000 00:00 0 
b3330000-b33e7000 rw-p 00000000 00:00 0 
b33e7000-b3627000 rwxp 00000000 00:00 0 
b3627000-b63e7000 rw-p 00000000 00:00 0 
b63e7000-b63f2000 r-xp 00000000 08:01 14418024   /lib/i386-linux-gnu/libnss_files-2.19.so
b63f2000-b63f3000 r--p 0000a000 08:01 14418024   /lib/i386-linux-gnu/libnss_files-2.19.so
b63f3000-b63f4000 rw-p 0000b000 08:01 14418024   /lib/i386-linux-gnu/libnss_files-2.19.so
b63f4000-b63fe000 r-xp 00000000 08:01 14417950   /lib/i386-linux-gnu/libnss_nis-2.19.so
b63fe000-b63ff000 r--p 00009000 08:01 14417950   /lib/i386-linux-gnu/libnss_nis-2.19.so
b63ff000-b6400000 rw-p 0000a000 08:01 14417950   /lib/i386-linux-gnu/libnss_nis-2.19.so
b6400000-b6500000 rw-p 00000000 00:00 0 
b6501000-b6505000 r--s 0003c000 08:01 11019254   /usr/lib/jvm/java-7-openjdk-i386/jre/lib/ext/sunpkcs11.jar
b6505000-b6508000 r--s 0000f000 08:01 11019252   /usr/lib/jvm/java-7-openjdk-i386/jre/lib/ext/icedtea-sound.jar
b6508000-b651d000 r-xp 00000000 08:01 14417951   /lib/i386-linux-gnu/libnsl-2.19.so
b651d000-b651e000 r--p 00015000 08:01 14417951   /lib/i386-linux-gnu/libnsl-2.19.so
b651e000-b651f000 rw-p 00016000 08:01 14417951   /lib/i386-linux-gnu/libnsl-2.19.so
b651f000-b6521000 rw-p 00000000 00:00 0 
b6521000-b6528000 r-xp 00000000 08:01 14418016   /lib/i386-linux-gnu/libnss_compat-2.19.so
b6528000-b6529000 r--p 00006000 08:01 14418016   /lib/i386-linux-gnu/libnss_compat-2.19.so
b6529000-b652a000 rw-p 00007000 08:01 14418016   /lib/i386-linux-gnu/libnss_compat-2.19.so
b652a000-b652e000 r--s 00034000 08:01 11019256   /usr/lib/jvm/java-7-openjdk-i386/jre/lib/ext/sunjce_provider.jar
b652e000-b6536000 r-xp 00000000 08:01 11018816   /usr/lib/jvm/java-7-openjdk-i386/jre/lib/i386/libzip.so
b6536000-b6537000 r--p 00007000 08:01 11018816   /usr/lib/jvm/java-7-openjdk-i386/jre/lib/i386/libzip.so
b6537000-b6538000 rw-p 00008000 08:01 11018816   /usr/lib/jvm/java-7-openjdk-i386/jre/lib/i386/libzip.so
b6538000-b6540000 rw-s 00000000 08:01 29495230   /tmp/hsperfdata_gts/13058
b6540000-b6567000 r-xp 00000000 08:01 11018801   /usr/lib/jvm/java-7-openjdk-i386/jre/lib/i386/libjava.so
b6567000-b6568000 r--p 00026000 08:01 11018801   /usr/lib/jvm/java-7-openjdk-i386/jre/lib/i386/libjava.so
b6568000-b6569000 rw-p 00027000 08:01 11018801   /usr/lib/jvm/java-7-openjdk-i386/jre/lib/i386/libjava.so
b6569000-b6570000 r-xp 00000000 08:01 14418025   /lib/i386-linux-gnu/librt-2.19.so
b6570000-b6571000 r--p 00006000 08:01 14418025   /lib/i386-linux-gnu/librt-2.19.so
b6571000-b6572000 rw-p 00007000 08:01 14418025   /lib/i386-linux-gnu/librt-2.19.so
b6572000-b6575000 ---p 00000000 00:00 0 
b6575000-b65c3000 rw-p 00000000 00:00 0          [stack:13060]
b65c3000-b65df000 r-xp 00000000 08:01 14417949   /lib/i386-linux-gnu/libgcc_s.so.1
b65df000-b65e0000 rw-p 0001b000 08:01 14417949   /lib/i386-linux-gnu/libgcc_s.so.1
b65e0000-b6624000 r-xp 00000000 08:01 14418015   /lib/i386-linux-gnu/libm-2.19.so
b6624000-b6625000 r--p 00043000 08:01 14418015   /lib/i386-linux-gnu/libm-2.19.so
b6625000-b6626000 rw-p 00044000 08:01 14418015   /lib/i386-linux-gnu/libm-2.19.so
b6626000-b6702000 r-xp 00000000 08:01 11015659   /usr/lib/i386-linux-gnu/libstdc++.so.6.0.19
b6702000-b6703000 ---p 000dc000 08:01 11015659   /usr/lib/i386-linux-gnu/libstdc++.so.6.0.19
b6703000-b6707000 r--p 000dc000 08:01 11015659   /usr/lib/i386-linux-gnu/libstdc++.so.6.0.19
b6707000-b6708000 rw-p 000e0000 08:01 11015659   /usr/lib/i386-linux-gnu/libstdc++.so.6.0.19
b6708000-b670f000 rw-p 00000000 00:00 0 
b670f000-b70fd000 r-xp 00000000 08:01 11018845   /usr/lib/jvm/java-7-openjdk-i386/jre/lib/i386/server/libjvm.so
b70fd000-b70fe000 ---p 009ee000 08:01 11018845   /usr/lib/jvm/java-7-openjdk-i386/jre/lib/i386/server/libjvm.so
b70fe000-b7150000 r--p 009ee000 08:01 11018845   /usr/lib/jvm/java-7-openjdk-i386/jre/lib/i386/server/libjvm.so
b7150000-b7164000 rw-p 00a40000 08:01 11018845   /usr/lib/jvm/java-7-openjdk-i386/jre/lib/i386/server/libjvm.so
b7164000-b7582000 rw-p 00000000 00:00 0 
b7582000-b759a000 r-xp 00000000 08:01 14419096   /lib/i386-linux-gnu/libz.so.1.2.8
b759a000-b759b000 r--p 00017000 08:01 14419096   /lib/i386-linux-gnu/libz.so.1.2.8
b759b000-b759c000 rw-p 00018000 08:01 14419096   /lib/i386-linux-gnu/libz.so.1.2.8
b759c000-b75b4000 r-xp 00000000 08:01 14418020   /lib/i386-linux-gnu/libpthread-2.19.so
b75b4000-b75b5000 r--p 00018000 08:01 14418020   /lib/i386-linux-gnu/libpthread-2.19.so
b75b5000-b75b6000 rw-p 00019000 08:01 14418020   /lib/i386-linux-gnu/libpthread-2.19.so
b75b6000-b75b8000 rw-p 00000000 00:00 0 
b75b8000-b75bb000 r-xp 00000000 08:01 14417940   /lib/i386-linux-gnu/libdl-2.19.so
b75bb000-b75bc000 r--p 00002000 08:01 14417940   /lib/i386-linux-gnu/libdl-2.19.so
b75bc000-b75bd000 rw-p 00003000 08:01 14417940   /lib/i386-linux-gnu/libdl-2.19.so
b75bd000-b7765000 r-xp 00000000 08:01 14417936   /lib/i386-linux-gnu/libc-2.19.so
b7765000-b7767000 r--p 001a8000 08:01 14417936   /lib/i386-linux-gnu/libc-2.19.so
b7767000-b7768000 rw-p 001aa000 08:01 14417936   /lib/i386-linux-gnu/libc-2.19.so
b7768000-b776b000 rw-p 00000000 00:00 0 
b776b000-b776c000 r--s 00002000 08:01 11019257   /usr/lib/jvm/java-7-openjdk-i386/jre/lib/ext/dnsns.jar
b776c000-b776e000 r--s 00006000 08:01 11275776   /usr/share/java/java-atk-wrapper.jar
b776e000-b776f000 r--p 00595000 08:01 11017721   /usr/lib/locale/locale-archive
b776f000-b7770000 rw-p 00000000 00:00 0 
b7770000-b7771000 ---p 00000000 00:00 0 
b7771000-b777f000 r-xp 00000000 08:01 11018880   /usr/lib/jvm/java-7-openjdk-i386/jre/lib/i386/libverify.so
b777f000-b7780000 r--p 0000d000 08:01 11018880   /usr/lib/jvm/java-7-openjdk-i386/jre/lib/i386/libverify.so
b7780000-b7781000 rw-p 0000e000 08:01 11018880   /usr/lib/jvm/java-7-openjdk-i386/jre/lib/i386/libverify.so
b7781000-b778d000 r-xp 00000000 08:01 11018821   /usr/lib/jvm/java-7-openjdk-i386/jre/lib/i386/jli/libjli.so
b778d000-b778e000 r--p 0000c000 08:01 11018821   /usr/lib/jvm/java-7-openjdk-i386/jre/lib/i386/jli/libjli.so
b778e000-b778f000 rw-p 0000d000 08:01 11018821   /usr/lib/jvm/java-7-openjdk-i386/jre/lib/i386/jli/libjli.so
b778f000-b7792000 rw-p 00000000 00:00 0 
b7792000-b7793000 r-xp 00000000 00:00 0          [vdso]
b7793000-b77b3000 r-xp 00000000 08:01 14417946   /lib/i386-linux-gnu/ld-2.19.so
b77b3000-b77b4000 r--p 0001f000 08:01 14417946   /lib/i386-linux-gnu/ld-2.19.so
b77b4000-b77b5000 rw-p 00020000 08:01 14417946   /lib/i386-linux-gnu/ld-2.19.so
bfaf8000-bfaf9000 rwxp 00000000 00:00 0 
bfb2b000-bfb4c000 rw-p 00000000 00:00 0          [stack]

VM Arguments:
jvm_args: -Xmx1024M -Dfile.encoding=UTF-8 -Duser.country=IN -Duser.language=en -Duser.variant 
java_command: com.android.dx.command.Main --dex --num-threads=4 --output /home/gts/Project/android/projects/GoaAmigo/Traveller/app/build/intermediates/pre-dexed/debug/classes_10d28f9b640e892511f9b266300807427c437dd7.jar /home/gts/Project/android/projects/GoaAmigo/Traveller/app/build/intermediates/transforms/CLASSES_and_RESOURCES/EXTERNAL_LIBRARIES/extractJars/debug/classes.jar-594056675
Launcher Type: SUN_STANDARD

Environment Variables:
PATH=/home/gts/bin:/usr/local/sbin:/usr/local/bin:/home/gts/android-studio/bin:/usr/sbin:/usr/bin:/sbin:/bin:/usr/games:/usr/local/games
LD_LIBRARY_PATH=/home/gts/android-studio/bin:
SHELL=/bin/bash
DISPLAY=:0.0

Signal Handlers:
SIGSEGV: [libjvm.so+0x80cd90], sa_mask[0]=0x7ffbfeff, sa_flags=0x10000004
SIGBUS: [libjvm.so+0x80cd90], sa_mask[0]=0x7ffbfeff, sa_flags=0x10000004
SIGFPE: [libjvm.so+0x684dd0], sa_mask[0]=0x7ffbfeff, sa_flags=0x10000004
SIGPIPE: [libjvm.so+0x684dd0], sa_mask[0]=0x7ffbfeff, sa_flags=0x10000004
SIGXFSZ: [libjvm.so+0x684dd0], sa_mask[0]=0x7ffbfeff, sa_flags=0x10000004
SIGILL: [libjvm.so+0x684dd0], sa_mask[0]=0x7ffbfeff, sa_flags=0x10000004
SIGUSR1: SIG_DFL, sa_mask[0]=0x00000000, sa_flags=0x00000000
SIGUSR2: [libjvm.so+0x684c60], sa_mask[0]=0x00000004, sa_flags=0x10000004
SIGHUP: [libjvm.so+0x684e90], sa_mask[0]=0x7ffbfeff, sa_flags=0x10000004
SIGINT: [libjvm.so+0x684e90], sa_mask[0]=0x7ffbfeff, sa_flags=0x10000004
SIGTERM: [libjvm.so+0x684e90], sa_mask[0]=0x7ffbfeff, sa_flags=0x10000004
SIGQUIT: [libjvm.so+0x684e90], sa_mask[0]=0x7ffbfeff, sa_flags=0x10000004
SIGTRAP: SIG_DFL, sa_mask[0]=0x00000000, sa_flags=0x00000000


---------------  S Y S T E M  ---------------

OS:Ubuntu 14.04 (trusty)
uname:Linux 3.13.0-53-generic #89-Ubuntu SMP Wed May 20 10:34:28 UTC 2015 i686
libc:glibc 2.19 NPTL 2.19 
rlimit: STACK 8192k, CORE 0k, NPROC 31139, NOFILE 4096, AS infinity
load average:10.87 3.44 1.86

/proc/meminfo:
MemTotal:        4005148 kB
MemFree:          217836 kB
Buffers:            4688 kB
Cached:           195860 kB
SwapCached:            0 kB
Active:          3558152 kB
Inactive:         140620 kB
Active(anon):    3500456 kB
Inactive(anon):    87184 kB
Active(file):      57696 kB
Inactive(file):    53436 kB
Unevictable:          32 kB
Mlocked:              32 kB
HighTotal:       3150372 kB
HighFree:          63576 kB
LowTotal:         854776 kB
LowFree:          154260 kB
SwapTotal:             0 kB
SwapFree:              0 kB
Dirty:              1408 kB
Writeback:             0 kB
AnonPages:       3498300 kB
Mapped:            93472 kB
Shmem:             89372 kB
Slab:              51900 kB
SReclaimable:      32284 kB
SUnreclaim:        19616 kB
KernelStack:        4440 kB
PageTables:        14536 kB
NFS_Unstable:          0 kB
Bounce:                0 kB
WritebackTmp:          0 kB
CommitLimit:     2002572 kB
Committed_AS:    5984880 kB
VmallocTotal:     122880 kB
VmallocUsed:       13740 kB
VmallocChunk:     103432 kB
HardwareCorrupted:     0 kB
AnonHugePages:   2433024 kB
HugePages_Total:       0
HugePages_Free:        0
HugePages_Rsvd:        0
HugePages_Surp:        0
Hugepagesize:       2048 kB
DirectMap4k:       38904 kB
DirectMap2M:      874496 kB


CPU:total 4 (2 cores per cpu, 2 threads per core) family 6 model 60 stepping 3, cmov, cx8, fxsr, mmx, sse, sse2, sse3, ssse3, sse4.1, sse4.2, popcnt, avx, avx2, aes, erms, ht, tsc, tscinvbit

/proc/cpuinfo:
processor	: 0
vendor_id	: GenuineIntel
cpu family	: 6
model		: 60
model name	: Intel(R) Core(TM) i3-4150 CPU @ 3.50GHz
stepping	: 3
microcode	: 0x17
cpu MHz		: 3500.000
cache size	: 3072 KB
physical id	: 0
siblings	: 4
core id		: 0
cpu cores	: 2
apicid		: 0
initial apicid	: 0
fdiv_bug	: no
f00f_bug	: no
coma_bug	: no
fpu		: yes
fpu_exception	: yes
cpuid level	: 13
wp		: yes
flags		: fpu vme de pse tsc msr pae mce cx8 apic sep mtrr pge mca cmov pat pse36 clflush dts acpi mmx fxsr sse sse2 ss ht tm pbe nx pdpe1gb rdtscp lm constant_tsc arch_perfmon pebs bts xtopology nonstop_tsc aperfmperf eagerfpu pni pclmulqdq dtes64 monitor ds_cpl vmx est tm2 ssse3 fma cx16 xtpr pdcm pcid sse4_1 sse4_2 movbe popcnt tsc_deadline_timer aes xsave avx f16c rdrand lahf_lm abm arat epb xsaveopt pln pts dtherm tpr_shadow vnmi flexpriority ept vpid fsgsbase tsc_adjust bmi1 avx2 smep bmi2 erms invpcid
bogomips	: 6983.93
clflush size	: 64
cache_alignment	: 64
address sizes	: 39 bits physical, 48 bits virtual
power management:

processor	: 1
vendor_id	: GenuineIntel
cpu family	: 6
model		: 60
model name	: Intel(R) Core(TM) i3-4150 CPU @ 3.50GHz
stepping	: 3
microcode	: 0x17
cpu MHz		: 3500.000
cache size	: 3072 KB
physical id	: 0
siblings	: 4
core id		: 1
cpu cores	: 2
apicid		: 2
initial apicid	: 2
fdiv_bug	: no
f00f_bug	: no
coma_bug	: no
fpu		: yes
fpu_exception	: yes
cpuid level	: 13
wp		: yes
flags		: fpu vme de pse tsc msr pae mce cx8 apic sep mtrr pge mca cmov pat pse36 clflush dts acpi mmx fxsr sse sse2 ss ht tm pbe nx pdpe1gb rdtscp lm constant_tsc arch_perfmon pebs bts xtopology nonstop_tsc aperfmperf eagerfpu pni pclmulqdq dtes64 monitor ds_cpl vmx est tm2 ssse3 fma cx16 xtpr pdcm pcid sse4_1 sse4_2 movbe popcnt tsc_deadline_timer aes xsave avx f16c rdrand lahf_lm abm arat epb xsaveopt pln pts dtherm tpr_shadow vnmi flexpriority ept vpid fsgsbase tsc_adjust bmi1 avx2 smep bmi2 erms invpcid
bogomips	: 6983.93
clflush size	: 64
cache_alignment	: 64
address sizes	: 39 bits physical, 48 bits virtual
power management:

processor	: 2
vendor_id	: GenuineIntel
cpu family	: 6
model		: 60
model name	: Intel(R) Core(TM) i3-4150 CPU @ 3.50GHz
stepping	: 3
microcode	: 0x17
cpu MHz		: 3500.000
cache size	: 3072 KB
physical id	: 0
siblings	: 4
core id		: 0
cpu cores	: 2
apicid		: 1
initial apicid	: 1
fdiv_bug	: no
f00f_bug	: no
coma_bug	: no
fpu		: yes
fpu_exception	: yes
cpuid level	: 13
wp		: yes
flags		: fpu vme de pse tsc msr pae mce cx8 apic sep mtrr pge mca cmov pat pse36 clflush dts acpi mmx fxsr sse sse2 ss ht tm pbe nx pdpe1gb rdtscp lm constant_tsc arch_perfmon pebs bts xtopology nonstop_tsc aperfmperf eagerfpu pni pclmulqdq dtes64 monitor ds_cpl vmx est tm2 ssse3 fma cx16 xtpr pdcm pcid sse4_1 sse4_2 movbe popcnt tsc_deadline_timer aes xsave avx f16c rdrand lahf_lm abm arat epb xsaveopt pln pts dtherm tpr_shadow vnmi flexpriority ept vpid fsgsbase tsc_adjust bmi1 avx2 smep bmi2 erms invpcid
bogomips	: 6983.93
clflush size	: 64
cache_alignment	: 64
address sizes	: 39 bits physical, 48 bits virtual
power management:

processor	: 3
vendor_id	: GenuineIntel
cpu family	: 6
model		: 60
model name	: Intel(R) Core(TM) i3-4150 CPU @ 3.50GHz
stepping	: 3
microcode	: 0x17
cpu MHz		: 3500.000
cache size	: 3072 KB
physical id	: 0
siblings	: 4
core id		: 1
cpu cores	: 2
apicid		: 3
initial apicid	: 3
fdiv_bug	: no
f00f_bug	: no
coma_bug	: no
fpu		: yes
fpu_exception	: yes
cpuid level	: 13
wp		: yes
flags		: fpu vme de pse tsc msr pae mce cx8 apic sep mtrr pge mca cmov pat pse36 clflush dts acpi mmx fxsr sse sse2 ss ht tm pbe nx pdpe1gb rdtscp lm constant_tsc arch_perfmon pebs bts xtopology nonstop_tsc aperfmperf eagerfpu pni pclmulqdq dtes64 monitor ds_cpl vmx est tm2 ssse3 fma cx16 xtpr pdcm pcid sse4_1 sse4_2 movbe popcnt tsc_deadline_timer aes xsave avx f16c rdrand lahf_lm abm arat epb xsaveopt pln pts dtherm tpr_shadow vnmi flexpriority ept vpid fsgsbase tsc_adjust bmi1 avx2 smep bmi2 erms invpcid
bogomips	: 6983.93
clflush size	: 64
cache_alignment	: 64
address sizes	: 39 bits physical, 48 bits virtual
power management:



Memory: 4k page, physical 4005148k(217836k free), swap 0k(0k free)

vm_info: OpenJDK Server VM (24.79-b02) for linux-x86 JRE (1.7.0_79-b14), built on Apr 16 2015 08:24:42 by "buildd" with gcc 4.8.2

time: Wed Nov  4 15:59:58 2015
elapsed time: 12 seconds

